<?xml version="1.0" encoding="UTF-8"?>
<testsuite name="snake.basic.GrowthTests" tests="2" skipped="0" failures="2" errors="0" timestamp="2023-09-13T14:37:05" hostname="TANA" time="0.036">
  <properties/>
  <testcase name="testGrow" classname="snake.basic.GrowthTests" time="0.01">
    <failure message="org.scalatest.exceptions.TestFailedException: didPass was false&#10;Hint: After eating the apple, the snake should grow by one cell per step, for three steps. This&#10;means that the tail should not be shortened for three steps. The new food should be placed as soon&#10;as the previous food is eaten. The snake should grow after eating the apple, it should not&#10;already have grown in the frame where the head of the snake eats the apple (and a new apple is&#10;placed).&#10;--------------------------------------------------------------------------------&#10;This is what went wrong:&#10;&#10;step=0, rand=1, actions=&lt;&gt;&#10;Want       | Got ✓     &#10;-----------------------&#10;OO&gt;.A..... | OO&gt;.A.....&#10;.......... | ..........&#10;&#10;step=1, rand=1, actions=&lt;Step&gt;&#10;Want       | Got ✓     &#10;-----------------------&#10;.OO&gt;A..... | .OO&gt;A.....&#10;.......... | ..........&#10;&#10;step=2, rand=10, actions=&lt;Step&gt;&#10;Want       | Got ✗     &#10;-----------------------&#10;..OO&gt;..... | .OOO&gt;.....&#10;...A...... | ...A......&#10;&#10;step=3, rand=10, actions=&lt;Step&gt;&#10;Want       | Got ✗     &#10;-----------------------&#10;..OOO&gt;.... | .OOOO&gt;....&#10;...A...... | ...A......&#10;&#10;step=4, rand=10, actions=&lt;Step&gt;&#10;Want       | Got ✗     &#10;-----------------------&#10;..OOOO&gt;... | .OOOOO&gt;...&#10;...A...... | ...A......&#10;&#10;step=5, rand=10, actions=&lt;Step&gt;&#10;Want       | Got ✓     &#10;-----------------------&#10;..OOOOO&gt;.. | ..OOOOO&gt;..&#10;...A...... | ...A......&#10;&#10;step=6, rand=10, actions=&lt;Step&gt;&#10;Want       | Got ✓     &#10;-----------------------&#10;...OOOOO&gt;. | ...OOOOO&gt;.&#10;...A...... | ...A......&#10;&#10;step=7, rand=10, actions=&lt;Step&gt;&#10;Want       | Got ✓     &#10;-----------------------&#10;....OOOOO&gt; | ....OOOOO&gt;&#10;...A...... | ...A......&#10;&#10;" type="org.scalatest.exceptions.TestFailedException">org.scalatest.exceptions.TestFailedException: didPass was false
Hint: After eating the apple, the snake should grow by one cell per step, for three steps. This
means that the tail should not be shortened for three steps. The new food should be placed as soon
as the previous food is eaten. The snake should grow after eating the apple, it should not
already have grown in the frame where the head of the snake eats the apple (and a new apple is
placed).
--------------------------------------------------------------------------------
This is what went wrong:

step=0, rand=1, actions=&lt;&gt;
Want       | Got ✓     
-----------------------
OO&gt;.A..... | OO&gt;.A.....
.......... | ..........

step=1, rand=1, actions=&lt;Step&gt;
Want       | Got ✓     
-----------------------
.OO&gt;A..... | .OO&gt;A.....
.......... | ..........

step=2, rand=10, actions=&lt;Step&gt;
Want       | Got ✗     
-----------------------
..OO&gt;..... | .OOO&gt;.....
...A...... | ...A......

step=3, rand=10, actions=&lt;Step&gt;
Want       | Got ✗     
-----------------------
..OOO&gt;.... | .OOOO&gt;....
...A...... | ...A......

step=4, rand=10, actions=&lt;Step&gt;
Want       | Got ✗     
-----------------------
..OOOO&gt;... | .OOOOO&gt;...
...A...... | ...A......

step=5, rand=10, actions=&lt;Step&gt;
Want       | Got ✓     
-----------------------
..OOOOO&gt;.. | ..OOOOO&gt;..
...A...... | ...A......

step=6, rand=10, actions=&lt;Step&gt;
Want       | Got ✓     
-----------------------
...OOOOO&gt;. | ...OOOOO&gt;.
...A...... | ...A......

step=7, rand=10, actions=&lt;Step&gt;
Want       | Got ✓     
-----------------------
....OOOOO&gt; | ....OOOOO&gt;
...A...... | ...A......


	at org.scalatest.Assertions.newAssertionFailedException(Assertions.scala:530)
	at org.scalatest.Assertions.newAssertionFailedException$(Assertions.scala:529)
	at org.scalatest.FunSuite.newAssertionFailedException(FunSuite.scala:1560)
	at org.scalatest.Assertions$AssertionsHelper.macroAssert(Assertions.scala:503)
	at generic.GameTestSuite.checkGame(GameTestSuite.scala:298)
	at snake.SnakeTestSuiteBase.checkGame(SnakeTestSuiteBase.scala:102)
	at snake.basic.GrowthTests.$anonfun$new$1(GrowthTests.scala:36)
	at scala.runtime.java8.JFunction0$mcV$sp.apply(JFunction0$mcV$sp.scala:18)
	at infrastructure.TestBase.$anonfun$test$1(TestBase.scala:36)
	at org.scalatest.OutcomeOf.outcomeOf(OutcomeOf.scala:85)
	at org.scalatest.OutcomeOf.outcomeOf$(OutcomeOf.scala:83)
	at org.scalatest.OutcomeOf$.outcomeOf(OutcomeOf.scala:104)
	at org.scalatest.Transformer.apply(Transformer.scala:22)
	at org.scalatest.Transformer.apply(Transformer.scala:20)
	at org.scalatest.FunSuiteLike$$anon$1.apply(FunSuiteLike.scala:186)
	at org.scalatest.TestSuite.withFixture(TestSuite.scala:196)
	at org.scalatest.TestSuite.withFixture$(TestSuite.scala:195)
	at infrastructure.TestBase.org$scalatest$concurrent$TimeLimitedTests$$super$withFixture(TestBase.scala:9)
	at org.scalatest.concurrent.TimeLimitedTests.$anonfun$withFixture$3(TimeLimitedTests.scala:154)
	at org.scalatest.enablers.Timed$$anon$1.timeoutAfter(Timed.scala:127)
	at org.scalatest.concurrent.TimeLimits.failAfterImpl(TimeLimits.scala:239)
	at org.scalatest.concurrent.TimeLimits.failAfterImpl$(TimeLimits.scala:233)
	at org.scalatest.concurrent.TimeLimits$.failAfterImpl(TimeLimits.scala:305)
	at org.scalatest.concurrent.TimeLimitedTests.withFixture(TimeLimitedTests.scala:153)
	at org.scalatest.concurrent.TimeLimitedTests.withFixture$(TimeLimitedTests.scala:150)
	at infrastructure.TestBase.withFixture(TestBase.scala:9)
	at org.scalatest.FunSuiteLike.invokeWithFixture$1(FunSuiteLike.scala:184)
	at org.scalatest.FunSuiteLike.$anonfun$runTest$1(FunSuiteLike.scala:196)
	at org.scalatest.SuperEngine.runTestImpl(Engine.scala:286)
	at org.scalatest.FunSuiteLike.runTest(FunSuiteLike.scala:196)
	at org.scalatest.FunSuiteLike.runTest$(FunSuiteLike.scala:178)
	at org.scalatest.FunSuite.runTest(FunSuite.scala:1560)
	at org.scalatest.FunSuiteLike.$anonfun$runTests$1(FunSuiteLike.scala:229)
	at org.scalatest.SuperEngine.$anonfun$runTestsInBranch$1(Engine.scala:393)
	at scala.collection.immutable.List.foreach(List.scala:333)
	at org.scalatest.SuperEngine.traverseSubNodes$1(Engine.scala:381)
	at org.scalatest.SuperEngine.runTestsInBranch(Engine.scala:376)
	at org.scalatest.SuperEngine.runTestsImpl(Engine.scala:458)
	at org.scalatest.FunSuiteLike.runTests(FunSuiteLike.scala:229)
	at org.scalatest.FunSuiteLike.runTests$(FunSuiteLike.scala:228)
	at org.scalatest.FunSuite.runTests(FunSuite.scala:1560)
	at org.scalatest.Suite.run(Suite.scala:1124)
	at org.scalatest.Suite.run$(Suite.scala:1106)
	at org.scalatest.FunSuite.org$scalatest$FunSuiteLike$$super$run(FunSuite.scala:1560)
	at org.scalatest.FunSuiteLike.$anonfun$run$1(FunSuiteLike.scala:233)
	at org.scalatest.SuperEngine.runImpl(Engine.scala:518)
	at org.scalatest.FunSuiteLike.run(FunSuiteLike.scala:233)
	at org.scalatest.FunSuiteLike.run$(FunSuiteLike.scala:232)
	at infrastructure.TestBase.run(TestBase.scala:26)
	at org.scalatest.Suite.callExecuteOnSuite$1(Suite.scala:1187)
	at org.scalatest.Suite.$anonfun$runNestedSuites$1(Suite.scala:1234)
	at scala.collection.ArrayOps$.foreach$extension(ArrayOps.scala:1323)
	at org.scalatest.Suite.runNestedSuites(Suite.scala:1232)
	at org.scalatest.Suite.runNestedSuites$(Suite.scala:1166)
	at org.scalatest.Suites.runNestedSuites(Suites.scala:56)
	at org.scalatest.Suite.run(Suite.scala:1121)
	at org.scalatest.Suite.run$(Suite.scala:1106)
	at snake.SnakeTestSuite.runDirect(SnakeTestSuite.scala:24)
	at snake.SnakeTestSuite.run(SnakeTestSuite.scala:16)
	at org.scalatestplus.junit.JUnitRunner.run(JUnitRunner.scala:99)
	at org.junit.runner.JUnitCore.run(JUnitCore.java:137)
	at org.junit.runner.JUnitCore.run(JUnitCore.java:115)
	at org.junit.vintage.engine.execution.RunnerExecutor.execute(RunnerExecutor.java:42)
	at org.junit.vintage.engine.VintageTestEngine.executeAllChildren(VintageTestEngine.java:80)
	at org.junit.vintage.engine.VintageTestEngine.execute(VintageTestEngine.java:72)
	at org.junit.platform.launcher.core.EngineExecutionOrchestrator.execute(EngineExecutionOrchestrator.java:107)
	at org.junit.platform.launcher.core.EngineExecutionOrchestrator.execute(EngineExecutionOrchestrator.java:88)
	at org.junit.platform.launcher.core.EngineExecutionOrchestrator.lambda$execute$0(EngineExecutionOrchestrator.java:54)
	at org.junit.platform.launcher.core.EngineExecutionOrchestrator.withInterceptedStreams(EngineExecutionOrchestrator.java:67)
	at org.junit.platform.launcher.core.EngineExecutionOrchestrator.execute(EngineExecutionOrchestrator.java:52)
	at org.junit.platform.launcher.core.DefaultLauncher.execute(DefaultLauncher.java:114)
	at org.junit.platform.launcher.core.DefaultLauncher.execute(DefaultLauncher.java:86)
	at org.junit.platform.launcher.core.DefaultLauncherSession$DelegatingLauncher.execute(DefaultLauncherSession.java:86)
	at org.junit.platform.launcher.core.SessionPerRequestLauncher.execute(SessionPerRequestLauncher.java:53)
	at org.gradle.api.internal.tasks.testing.junitplatform.JUnitPlatformTestClassProcessor$CollectAllTestClassesExecutor.processAllTestClasses(JUnitPlatformTestClassProcessor.java:99)
	at org.gradle.api.internal.tasks.testing.junitplatform.JUnitPlatformTestClassProcessor$CollectAllTestClassesExecutor.access$000(JUnitPlatformTestClassProcessor.java:79)
	at org.gradle.api.internal.tasks.testing.junitplatform.JUnitPlatformTestClassProcessor.stop(JUnitPlatformTestClassProcessor.java:75)
	at org.gradle.api.internal.tasks.testing.SuiteTestClassProcessor.stop(SuiteTestClassProcessor.java:61)
	at sun.reflect.NativeMethodAccessorImpl.invoke0(Native Method)
	at sun.reflect.NativeMethodAccessorImpl.invoke(NativeMethodAccessorImpl.java:62)
	at sun.reflect.DelegatingMethodAccessorImpl.invoke(DelegatingMethodAccessorImpl.java:43)
	at java.lang.reflect.Method.invoke(Method.java:498)
	at org.gradle.internal.dispatch.ReflectionDispatch.dispatch(ReflectionDispatch.java:36)
	at org.gradle.internal.dispatch.ReflectionDispatch.dispatch(ReflectionDispatch.java:24)
	at org.gradle.internal.dispatch.ContextClassLoaderDispatch.dispatch(ContextClassLoaderDispatch.java:33)
	at org.gradle.internal.dispatch.ProxyDispatchAdapter$DispatchingInvocationHandler.invoke(ProxyDispatchAdapter.java:94)
	at com.sun.proxy.$Proxy2.stop(Unknown Source)
	at org.gradle.api.internal.tasks.testing.worker.TestWorker$3.run(TestWorker.java:193)
	at org.gradle.api.internal.tasks.testing.worker.TestWorker.executeAndMaintainThreadName(TestWorker.java:129)
	at org.gradle.api.internal.tasks.testing.worker.TestWorker.execute(TestWorker.java:100)
	at org.gradle.api.internal.tasks.testing.worker.TestWorker.execute(TestWorker.java:60)
	at org.gradle.process.internal.worker.child.ActionExecutionWorker.execute(ActionExecutionWorker.java:56)
	at org.gradle.process.internal.worker.child.SystemApplicationClassLoaderWorker.call(SystemApplicationClassLoaderWorker.java:133)
	at org.gradle.process.internal.worker.child.SystemApplicationClassLoaderWorker.call(SystemApplicationClassLoaderWorker.java:71)
	at worker.org.gradle.process.internal.worker.GradleWorkerMain.run(GradleWorkerMain.java:69)
	at worker.org.gradle.process.internal.worker.GradleWorkerMain.main(GradleWorkerMain.java:74)
</failure>
  </testcase>
  <testcase name="testGrowTwice" classname="snake.basic.GrowthTests" time="0.025">
    <failure message="org.scalatest.exceptions.TestFailedException: didPass was false&#10;Hint: If a new apple is eaten before the snake has fully grown from the last apple, the effect is&#10;stacked.&#10;--------------------------------------------------------------------------------&#10;This is what went wrong:&#10;&#10;step=0, rand=0, actions=&lt;&gt;&#10;Want           | Got ✓         &#10;-------------------------------&#10;OO&gt;A.......... | OO&gt;A..........&#10;.............. | ..............&#10;&#10;step=1, rand=2, actions=&lt;Step&gt;&#10;Want           | Got ✗         &#10;-------------------------------&#10;.OO&gt;.A........ | OOO&gt;.A........&#10;.............. | ..............&#10;&#10;step=2, rand=2, actions=&lt;Step&gt;&#10;Want           | Got ✗         &#10;-------------------------------&#10;.OOO&gt;A........ | OOOO&gt;A........&#10;.............. | ..............&#10;&#10;step=3, rand=10, actions=&lt;Step&gt;&#10;Want           | Got ✗         &#10;-------------------------------&#10;.OOOO&gt;........ | OOOOO&gt;........&#10;.A............ | .A............&#10;&#10;step=4, rand=10, actions=&lt;Step&gt;&#10;Want           | Got ✗         &#10;-------------------------------&#10;.OOOOO&gt;....... | OOOOOO&gt;.......&#10;.A............ | .A............&#10;&#10;step=5, rand=10, actions=&lt;Step&gt;&#10;Want           | Got ✗         &#10;-------------------------------&#10;.OOOOOO&gt;...... | OOOOOOO&gt;......&#10;.A............ | .A............&#10;&#10;step=6, rand=10, actions=&lt;Step&gt;&#10;Want           | Got ✗         &#10;-------------------------------&#10;.OOOOOOO&gt;..... | OOOOOOOO&gt;.....&#10;.A............ | .A............&#10;&#10;step=7, rand=10, actions=&lt;Step&gt;&#10;Want           | Got ✓         &#10;-------------------------------&#10;.OOOOOOOO&gt;.... | .OOOOOOOO&gt;....&#10;.A............ | .A............&#10;&#10;step=8, rand=10, actions=&lt;Step&gt;&#10;Want           | Got ✓         &#10;-------------------------------&#10;..OOOOOOOO&gt;... | ..OOOOOOOO&gt;...&#10;.A............ | .A............&#10;&#10;step=9, rand=10, actions=&lt;Step&gt;&#10;Want           | Got ✓         &#10;-------------------------------&#10;...OOOOOOOO&gt;.. | ...OOOOOOOO&gt;..&#10;.A............ | .A............&#10;&#10;step=10, rand=10, actions=&lt;Step&gt;&#10;Want           | Got ✓         &#10;-------------------------------&#10;....OOOOOOOO&gt;. | ....OOOOOOOO&gt;.&#10;.A............ | .A............&#10;&#10;" type="org.scalatest.exceptions.TestFailedException">org.scalatest.exceptions.TestFailedException: didPass was false
Hint: If a new apple is eaten before the snake has fully grown from the last apple, the effect is
stacked.
--------------------------------------------------------------------------------
This is what went wrong:

step=0, rand=0, actions=&lt;&gt;
Want           | Got ✓         
-------------------------------
OO&gt;A.......... | OO&gt;A..........
.............. | ..............

step=1, rand=2, actions=&lt;Step&gt;
Want           | Got ✗         
-------------------------------
.OO&gt;.A........ | OOO&gt;.A........
.............. | ..............

step=2, rand=2, actions=&lt;Step&gt;
Want           | Got ✗         
-------------------------------
.OOO&gt;A........ | OOOO&gt;A........
.............. | ..............

step=3, rand=10, actions=&lt;Step&gt;
Want           | Got ✗         
-------------------------------
.OOOO&gt;........ | OOOOO&gt;........
.A............ | .A............

step=4, rand=10, actions=&lt;Step&gt;
Want           | Got ✗         
-------------------------------
.OOOOO&gt;....... | OOOOOO&gt;.......
.A............ | .A............

step=5, rand=10, actions=&lt;Step&gt;
Want           | Got ✗         
-------------------------------
.OOOOOO&gt;...... | OOOOOOO&gt;......
.A............ | .A............

step=6, rand=10, actions=&lt;Step&gt;
Want           | Got ✗         
-------------------------------
.OOOOOOO&gt;..... | OOOOOOOO&gt;.....
.A............ | .A............

step=7, rand=10, actions=&lt;Step&gt;
Want           | Got ✓         
-------------------------------
.OOOOOOOO&gt;.... | .OOOOOOOO&gt;....
.A............ | .A............

step=8, rand=10, actions=&lt;Step&gt;
Want           | Got ✓         
-------------------------------
..OOOOOOOO&gt;... | ..OOOOOOOO&gt;...
.A............ | .A............

step=9, rand=10, actions=&lt;Step&gt;
Want           | Got ✓         
-------------------------------
...OOOOOOOO&gt;.. | ...OOOOOOOO&gt;..
.A............ | .A............

step=10, rand=10, actions=&lt;Step&gt;
Want           | Got ✓         
-------------------------------
....OOOOOOOO&gt;. | ....OOOOOOOO&gt;.
.A............ | .A............


	at org.scalatest.Assertions.newAssertionFailedException(Assertions.scala:530)
	at org.scalatest.Assertions.newAssertionFailedException$(Assertions.scala:529)
	at org.scalatest.FunSuite.newAssertionFailedException(FunSuite.scala:1560)
	at org.scalatest.Assertions$AssertionsHelper.macroAssert(Assertions.scala:503)
	at generic.GameTestSuite.checkGame(GameTestSuite.scala:298)
	at snake.SnakeTestSuiteBase.checkGame(SnakeTestSuiteBase.scala:102)
	at snake.basic.GrowthTests.$anonfun$new$2(GrowthTests.scala:77)
	at scala.runtime.java8.JFunction0$mcV$sp.apply(JFunction0$mcV$sp.scala:18)
	at infrastructure.TestBase.$anonfun$test$1(TestBase.scala:36)
	at org.scalatest.OutcomeOf.outcomeOf(OutcomeOf.scala:85)
	at org.scalatest.OutcomeOf.outcomeOf$(OutcomeOf.scala:83)
	at org.scalatest.OutcomeOf$.outcomeOf(OutcomeOf.scala:104)
	at org.scalatest.Transformer.apply(Transformer.scala:22)
	at org.scalatest.Transformer.apply(Transformer.scala:20)
	at org.scalatest.FunSuiteLike$$anon$1.apply(FunSuiteLike.scala:186)
	at org.scalatest.TestSuite.withFixture(TestSuite.scala:196)
	at org.scalatest.TestSuite.withFixture$(TestSuite.scala:195)
	at infrastructure.TestBase.org$scalatest$concurrent$TimeLimitedTests$$super$withFixture(TestBase.scala:9)
	at org.scalatest.concurrent.TimeLimitedTests.$anonfun$withFixture$3(TimeLimitedTests.scala:154)
	at org.scalatest.enablers.Timed$$anon$1.timeoutAfter(Timed.scala:127)
	at org.scalatest.concurrent.TimeLimits.failAfterImpl(TimeLimits.scala:239)
	at org.scalatest.concurrent.TimeLimits.failAfterImpl$(TimeLimits.scala:233)
	at org.scalatest.concurrent.TimeLimits$.failAfterImpl(TimeLimits.scala:305)
	at org.scalatest.concurrent.TimeLimitedTests.withFixture(TimeLimitedTests.scala:153)
	at org.scalatest.concurrent.TimeLimitedTests.withFixture$(TimeLimitedTests.scala:150)
	at infrastructure.TestBase.withFixture(TestBase.scala:9)
	at org.scalatest.FunSuiteLike.invokeWithFixture$1(FunSuiteLike.scala:184)
	at org.scalatest.FunSuiteLike.$anonfun$runTest$1(FunSuiteLike.scala:196)
	at org.scalatest.SuperEngine.runTestImpl(Engine.scala:286)
	at org.scalatest.FunSuiteLike.runTest(FunSuiteLike.scala:196)
	at org.scalatest.FunSuiteLike.runTest$(FunSuiteLike.scala:178)
	at org.scalatest.FunSuite.runTest(FunSuite.scala:1560)
	at org.scalatest.FunSuiteLike.$anonfun$runTests$1(FunSuiteLike.scala:229)
	at org.scalatest.SuperEngine.$anonfun$runTestsInBranch$1(Engine.scala:393)
	at scala.collection.immutable.List.foreach(List.scala:333)
	at org.scalatest.SuperEngine.traverseSubNodes$1(Engine.scala:381)
	at org.scalatest.SuperEngine.runTestsInBranch(Engine.scala:376)
	at org.scalatest.SuperEngine.runTestsImpl(Engine.scala:458)
	at org.scalatest.FunSuiteLike.runTests(FunSuiteLike.scala:229)
	at org.scalatest.FunSuiteLike.runTests$(FunSuiteLike.scala:228)
	at org.scalatest.FunSuite.runTests(FunSuite.scala:1560)
	at org.scalatest.Suite.run(Suite.scala:1124)
	at org.scalatest.Suite.run$(Suite.scala:1106)
	at org.scalatest.FunSuite.org$scalatest$FunSuiteLike$$super$run(FunSuite.scala:1560)
	at org.scalatest.FunSuiteLike.$anonfun$run$1(FunSuiteLike.scala:233)
	at org.scalatest.SuperEngine.runImpl(Engine.scala:518)
	at org.scalatest.FunSuiteLike.run(FunSuiteLike.scala:233)
	at org.scalatest.FunSuiteLike.run$(FunSuiteLike.scala:232)
	at infrastructure.TestBase.run(TestBase.scala:26)
	at org.scalatest.Suite.callExecuteOnSuite$1(Suite.scala:1187)
	at org.scalatest.Suite.$anonfun$runNestedSuites$1(Suite.scala:1234)
	at scala.collection.ArrayOps$.foreach$extension(ArrayOps.scala:1323)
	at org.scalatest.Suite.runNestedSuites(Suite.scala:1232)
	at org.scalatest.Suite.runNestedSuites$(Suite.scala:1166)
	at org.scalatest.Suites.runNestedSuites(Suites.scala:56)
	at org.scalatest.Suite.run(Suite.scala:1121)
	at org.scalatest.Suite.run$(Suite.scala:1106)
	at snake.SnakeTestSuite.runDirect(SnakeTestSuite.scala:24)
	at snake.SnakeTestSuite.run(SnakeTestSuite.scala:16)
	at org.scalatestplus.junit.JUnitRunner.run(JUnitRunner.scala:99)
	at org.junit.runner.JUnitCore.run(JUnitCore.java:137)
	at org.junit.runner.JUnitCore.run(JUnitCore.java:115)
	at org.junit.vintage.engine.execution.RunnerExecutor.execute(RunnerExecutor.java:42)
	at org.junit.vintage.engine.VintageTestEngine.executeAllChildren(VintageTestEngine.java:80)
	at org.junit.vintage.engine.VintageTestEngine.execute(VintageTestEngine.java:72)
	at org.junit.platform.launcher.core.EngineExecutionOrchestrator.execute(EngineExecutionOrchestrator.java:107)
	at org.junit.platform.launcher.core.EngineExecutionOrchestrator.execute(EngineExecutionOrchestrator.java:88)
	at org.junit.platform.launcher.core.EngineExecutionOrchestrator.lambda$execute$0(EngineExecutionOrchestrator.java:54)
	at org.junit.platform.launcher.core.EngineExecutionOrchestrator.withInterceptedStreams(EngineExecutionOrchestrator.java:67)
	at org.junit.platform.launcher.core.EngineExecutionOrchestrator.execute(EngineExecutionOrchestrator.java:52)
	at org.junit.platform.launcher.core.DefaultLauncher.execute(DefaultLauncher.java:114)
	at org.junit.platform.launcher.core.DefaultLauncher.execute(DefaultLauncher.java:86)
	at org.junit.platform.launcher.core.DefaultLauncherSession$DelegatingLauncher.execute(DefaultLauncherSession.java:86)
	at org.junit.platform.launcher.core.SessionPerRequestLauncher.execute(SessionPerRequestLauncher.java:53)
	at org.gradle.api.internal.tasks.testing.junitplatform.JUnitPlatformTestClassProcessor$CollectAllTestClassesExecutor.processAllTestClasses(JUnitPlatformTestClassProcessor.java:99)
	at org.gradle.api.internal.tasks.testing.junitplatform.JUnitPlatformTestClassProcessor$CollectAllTestClassesExecutor.access$000(JUnitPlatformTestClassProcessor.java:79)
	at org.gradle.api.internal.tasks.testing.junitplatform.JUnitPlatformTestClassProcessor.stop(JUnitPlatformTestClassProcessor.java:75)
	at org.gradle.api.internal.tasks.testing.SuiteTestClassProcessor.stop(SuiteTestClassProcessor.java:61)
	at sun.reflect.NativeMethodAccessorImpl.invoke0(Native Method)
	at sun.reflect.NativeMethodAccessorImpl.invoke(NativeMethodAccessorImpl.java:62)
	at sun.reflect.DelegatingMethodAccessorImpl.invoke(DelegatingMethodAccessorImpl.java:43)
	at java.lang.reflect.Method.invoke(Method.java:498)
	at org.gradle.internal.dispatch.ReflectionDispatch.dispatch(ReflectionDispatch.java:36)
	at org.gradle.internal.dispatch.ReflectionDispatch.dispatch(ReflectionDispatch.java:24)
	at org.gradle.internal.dispatch.ContextClassLoaderDispatch.dispatch(ContextClassLoaderDispatch.java:33)
	at org.gradle.internal.dispatch.ProxyDispatchAdapter$DispatchingInvocationHandler.invoke(ProxyDispatchAdapter.java:94)
	at com.sun.proxy.$Proxy2.stop(Unknown Source)
	at org.gradle.api.internal.tasks.testing.worker.TestWorker$3.run(TestWorker.java:193)
	at org.gradle.api.internal.tasks.testing.worker.TestWorker.executeAndMaintainThreadName(TestWorker.java:129)
	at org.gradle.api.internal.tasks.testing.worker.TestWorker.execute(TestWorker.java:100)
	at org.gradle.api.internal.tasks.testing.worker.TestWorker.execute(TestWorker.java:60)
	at org.gradle.process.internal.worker.child.ActionExecutionWorker.execute(ActionExecutionWorker.java:56)
	at org.gradle.process.internal.worker.child.SystemApplicationClassLoaderWorker.call(SystemApplicationClassLoaderWorker.java:133)
	at org.gradle.process.internal.worker.child.SystemApplicationClassLoaderWorker.call(SystemApplicationClassLoaderWorker.java:71)
	at worker.org.gradle.process.internal.worker.GradleWorkerMain.run(GradleWorkerMain.java:69)
	at worker.org.gradle.process.internal.worker.GradleWorkerMain.main(GradleWorkerMain.java:74)
</failure>
  </testcase>
  <system-out><![CDATA[Empty()
Apple()
List(Point(0,0), Point(1,0), Point(5,0), Point(6,0), Point(7,0), Point(8,0), Point(9,0), Point(0,1), Point(1,1), Point(2,1), Point(3,1), Point(4,1), Point(5,1), Point(6,1), Point(7,1), Point(8,1), Point(9,1))
Empty()
Empty()
Empty()
Empty()
Empty()
Apple()
List(Point(0,0), Point(4,0), Point(5,0), Point(6,0), Point(7,0), Point(8,0), Point(9,0), Point(10,0), Point(11,0), Point(12,0), Point(13,0), Point(0,1), Point(1,1), Point(2,1), Point(3,1), Point(4,1), Point(5,1), Point(6,1), Point(7,1), Point(8,1), Point(9,1), Point(10,1), Point(11,1), Point(12,1), Point(13,1))
Empty()
Apple()
List(Point(0,0), Point(6,0), Point(7,0), Point(8,0), Point(9,0), Point(10,0), Point(11,0), Point(12,0), Point(13,0), Point(0,1), Point(1,1), Point(2,1), Point(3,1), Point(4,1), Point(5,1), Point(6,1), Point(7,1), Point(8,1), Point(9,1), Point(10,1), Point(11,1), Point(12,1), Point(13,1))
Empty()
Empty()
Empty()
Empty()
Empty()
Empty()
Empty()
]]></system-out>
  <system-err><![CDATA[]]></system-err>
</testsuite>
