<?xml version="1.0" encoding="UTF-8"?>
<testsuite name="snake.basic.FullGameTests" tests="7" skipped="0" failures="7" errors="0" timestamp="2023-09-13T14:37:05" hostname="TANA" time="0.113">
  <properties/>
  <testcase name="testGame3x1" classname="snake.basic.FullGameTests" time="0.012">
    <failure message="org.scalatest.exceptions.TestFailedException: didPass was false&#10;Hint: The game should work at any board size which can hold the initial snake. In this case 3x1.&#10;--------------------------------------------------------------------------------&#10;This is what went wrong:&#10;&#10;step=0, rand=0, actions=&lt;&gt;&#10;Want | Got ✗                                                                                                                                                                                &#10;--------------------------------------------------------------------------------------------------------------------------------------------------------------------------------------------&#10;OO&gt;  | LogicFailed(java.lang.ArithmeticException: / by zero&#13;                                                                                                                                &#10;     | &#9;at generic.TestRandomGen.randomInt(TestRandomGen.scala:17)&#13;                                                                                                                         &#10;     | &#9;at snake.logic.GameLogic.&lt;init&gt;(GameLogic.scala:23)&#13;                                                                                                                                &#10;     | &#9;at snake.SnakeTestSuiteBase.makeGame(SnakeTestSuiteBase.scala:69)&#13;                                                                                                                  &#10;     | &#9;at snake.SnakeTestSuiteBase.makeGame(SnakeTestSuiteBase.scala:64)&#13;                                                                                                                  &#10;     | &#9;at generic.GameTestSuite$TestRecording.liftedTree1$1(GameTestSuite.scala:188)&#13;                                                                                                      &#10;     | &#9;at generic.GameTestSuite$TestRecording.implementationDisplays$lzycompute(GameTestSuite.scala:187)&#13;                                                                                  &#10;     | &#9;at generic.GameTestSuite$TestRecording.implementationDisplays(GameTestSuite.scala:178)&#13;                                                                                             &#10;     | &#9;at generic.GameTestSuite$TestRecording.passes$lzycompute(GameTestSuite.scala:208)&#13;                                                                                                  &#10;     | &#9;at generic.GameTestSuite$TestRecording.passes(GameTestSuite.scala:207)&#13;                                                                                                             &#10;     | &#9;at generic.GameTestSuite.checkGame(GameTestSuite.scala:290)&#13;                                                                                                                        &#10;     | &#9;at snake.SnakeTestSuiteBase.checkGame(SnakeTestSuiteBase.scala:102)&#13;                                                                                                                &#10;     | &#9;at snake.basic.FullGameTests.$anonfun$new$1(FullGameTests.scala:24)&#13;                                                                                                                &#10;     | &#9;at scala.runtime.java8.JFunction0$mcV$sp.apply(JFunction0$mcV$sp.scala:18)&#13;                                                                                                         &#10;     | &#9;at infrastructure.TestBase.$anonfun$test$1(TestBase.scala:36)&#13;                                                                                                                      &#10;     | &#9;at org.scalatest.OutcomeOf.outcomeOf(OutcomeOf.scala:85)&#13;                                                                                                                           &#10;     | &#9;at org.scalatest.OutcomeOf.outcomeOf$(OutcomeOf.scala:83)&#13;                                                                                                                          &#10;     | &#9;at org.scalatest.OutcomeOf$.outcomeOf(OutcomeOf.scala:104)&#13;                                                                                                                         &#10;     | &#9;at org.scalatest.Transformer.apply(Transformer.scala:22)&#13;                                                                                                                           &#10;     | &#9;at org.scalatest.Transformer.apply(Transformer.scala:20)&#13;                                                                                                                           &#10;     | &#9;at org.scalatest.FunSuiteLike$$anon$1.apply(FunSuiteLike.scala:186)&#13;                                                                                                                &#10;     | &#9;at org.scalatest.TestSuite.withFixture(TestSuite.scala:196)&#13;                                                                                                                        &#10;     | &#9;at org.scalatest.TestSuite.withFixture$(TestSuite.scala:195)&#13;                                                                                                                       &#10;     | &#9;at infrastructure.TestBase.org$scalatest$concurrent$TimeLimitedTests$$super$withFixture(TestBase.scala:9)&#13;                                                                          &#10;     | &#9;at org.scalatest.concurrent.TimeLimitedTests.$anonfun$withFixture$3(TimeLimitedTests.scala:154)&#13;                                                                                    &#10;     | &#9;at org.scalatest.enablers.Timed$$anon$1.timeoutAfter(Timed.scala:127)&#13;                                                                                                              &#10;     | &#9;at org.scalatest.concurrent.TimeLimits.failAfterImpl(TimeLimits.scala:239)&#13;                                                                                                         &#10;     | &#9;at org.scalatest.concurrent.TimeLimits.failAfterImpl$(TimeLimits.scala:233)&#13;                                                                                                        &#10;     | &#9;at org.scalatest.concurrent.TimeLimits$.failAfterImpl(TimeLimits.scala:305)&#13;                                                                                                        &#10;     | &#9;at org.scalatest.concurrent.TimeLimitedTests.withFixture(TimeLimitedTests.scala:153)&#13;                                                                                               &#10;     | &#9;at org.scalatest.concurrent.TimeLimitedTests.withFixture$(TimeLimitedTests.scala:150)&#13;                                                                                              &#10;     | &#9;at infrastructure.TestBase.withFixture(TestBase.scala:9)&#13;                                                                                                                           &#10;     | &#9;at org.scalatest.FunSuiteLike.invokeWithFixture$1(FunSuiteLike.scala:184)&#13;                                                                                                          &#10;     | &#9;at org.scalatest.FunSuiteLike.$anonfun$runTest$1(FunSuiteLike.scala:196)&#13;                                                                                                           &#10;     | &#9;at org.scalatest.SuperEngine.runTestImpl(Engine.scala:286)&#13;                                                                                                                         &#10;     | &#9;at org.scalatest.FunSuiteLike.runTest(FunSuiteLike.scala:196)&#13;                                                                                                                      &#10;     | &#9;at org.scalatest.FunSuiteLike.runTest$(FunSuiteLike.scala:178)&#13;                                                                                                                     &#10;     | &#9;at org.scalatest.FunSuite.runTest(FunSuite.scala:1560)&#13;                                                                                                                             &#10;     | &#9;at org.scalatest.FunSuiteLike.$anonfun$runTests$1(FunSuiteLike.scala:229)&#13;                                                                                                          &#10;     | &#9;at org.scalatest.SuperEngine.$anonfun$runTestsInBranch$1(Engine.scala:393)&#13;                                                                                                         &#10;     | &#9;at scala.collection.immutable.List.foreach(List.scala:333)&#13;                                                                                                                         &#10;     | &#9;at org.scalatest.SuperEngine.traverseSubNodes$1(Engine.scala:381)&#13;                                                                                                                  &#10;     | &#9;at org.scalatest.SuperEngine.runTestsInBranch(Engine.scala:376)&#13;                                                                                                                    &#10;     | &#9;at org.scalatest.SuperEngine.runTestsImpl(Engine.scala:458)&#13;                                                                                                                        &#10;     | &#9;at org.scalatest.FunSuiteLike.runTests(FunSuiteLike.scala:229)&#13;                                                                                                                     &#10;     | &#9;at org.scalatest.FunSuiteLike.runTests$(FunSuiteLike.scala:228)&#13;                                                                                                                    &#10;     | &#9;at org.scalatest.FunSuite.runTests(FunSuite.scala:1560)&#13;                                                                                                                            &#10;     | &#9;at org.scalatest.Suite.run(Suite.scala:1124)&#13;                                                                                                                                       &#10;     | &#9;at org.scalatest.Suite.run$(Suite.scala:1106)&#13;                                                                                                                                      &#10;     | &#9;at org.scalatest.FunSuite.org$scalatest$FunSuiteLike$$super$run(FunSuite.scala:1560)&#13;                                                                                               &#10;     | &#9;at org.scalatest.FunSuiteLike.$anonfun$run$1(FunSuiteLike.scala:233)&#13;                                                                                                               &#10;     | &#9;at org.scalatest.SuperEngine.runImpl(Engine.scala:518)&#13;                                                                                                                             &#10;     | &#9;at org.scalatest.FunSuiteLike.run(FunSuiteLike.scala:233)&#13;                                                                                                                          &#10;     | &#9;at org.scalatest.FunSuiteLike.run$(FunSuiteLike.scala:232)&#13;                                                                                                                         &#10;     | &#9;at infrastructure.TestBase.run(TestBase.scala:26)&#13;                                                                                                                                  &#10;     | &#9;at org.scalatest.Suite.callExecuteOnSuite$1(Suite.scala:1187)&#13;                                                                                                                      &#10;     | &#9;at org.scalatest.Suite.$anonfun$runNestedSuites$1(Suite.scala:1234)&#13;                                                                                                                &#10;     | &#9;at scala.collection.ArrayOps$.foreach$extension(ArrayOps.scala:1323)&#13;                                                                                                               &#10;     | &#9;at org.scalatest.Suite.runNestedSuites(Suite.scala:1232)&#13;                                                                                                                           &#10;     | &#9;at org.scalatest.Suite.runNestedSuites$(Suite.scala:1166)&#13;                                                                                                                          &#10;     | &#9;at org.scalatest.Suites.runNestedSuites(Suites.scala:56)&#13;                                                                                                                           &#10;     | &#9;at org.scalatest.Suite.run(Suite.scala:1121)&#13;                                                                                                                                       &#10;     | &#9;at org.scalatest.Suite.run$(Suite.scala:1106)&#13;                                                                                                                                      &#10;     | &#9;at snake.SnakeTestSuite.runDirect(SnakeTestSuite.scala:24)&#13;                                                                                                                         &#10;     | &#9;at snake.SnakeTestSuite.run(SnakeTestSuite.scala:16)&#13;                                                                                                                               &#10;     | &#9;at org.scalatestplus.junit.JUnitRunner.run(JUnitRunner.scala:99)&#13;                                                                                                                   &#10;     | &#9;at org.junit.runner.JUnitCore.run(JUnitCore.java:137)&#13;                                                                                                                              &#10;     | &#9;at org.junit.runner.JUnitCore.run(JUnitCore.java:115)&#13;                                                                                                                              &#10;     | &#9;at org.junit.vintage.engine.execution.RunnerExecutor.execute(RunnerExecutor.java:42)&#13;                                                                                               &#10;     | &#9;at org.junit.vintage.engine.VintageTestEngine.executeAllChildren(VintageTestEngine.java:80)&#13;                                                                                        &#10;     | &#9;at org.junit.vintage.engine.VintageTestEngine.execute(VintageTestEngine.java:72)&#13;                                                                                                   &#10;     | &#9;at org.junit.platform.launcher.core.EngineExecutionOrchestrator.execute(EngineExecutionOrchestrator.java:107)&#13;                                                                      &#10;     | &#9;at org.junit.platform.launcher.core.EngineExecutionOrchestrator.execute(EngineExecutionOrchestrator.java:88)&#13;                                                                       &#10;     | &#9;at org.junit.platform.launcher.core.EngineExecutionOrchestrator.lambda$execute$0(EngineExecutionOrchestrator.java:54)&#13;                                                              &#10;     | &#9;at org.junit.platform.launcher.core.EngineExecutionOrchestrator.withInterceptedStreams(EngineExecutionOrchestrator.java:67)&#13;                                                        &#10;     | &#9;at org.junit.platform.launcher.core.EngineExecutionOrchestrator.execute(EngineExecutionOrchestrator.java:52)&#13;                                                                       &#10;     | &#9;at org.junit.platform.launcher.core.DefaultLauncher.execute(DefaultLauncher.java:114)&#13;                                                                                              &#10;     | &#9;at org.junit.platform.launcher.core.DefaultLauncher.execute(DefaultLauncher.java:86)&#13;                                                                                               &#10;     | &#9;at org.junit.platform.launcher.core.DefaultLauncherSession$DelegatingLauncher.execute(DefaultLauncherSession.java:86)&#13;                                                              &#10;     | &#9;at org.junit.platform.launcher.core.SessionPerRequestLauncher.execute(SessionPerRequestLauncher.java:53)&#13;                                                                           &#10;     | &#9;at org.gradle.api.internal.tasks.testing.junitplatform.JUnitPlatformTestClassProcessor$CollectAllTestClassesExecutor.processAllTestClasses(JUnitPlatformTestClassProcessor.java:99)&#13;&#10;     | &#9;at org.gradle.api.internal.tasks.testing.junitplatform.JUnitPlatformTestClassProcessor$CollectAllTestClassesExecutor.access$000(JUnitPlatformTestClassProcessor.java:79)&#13;           &#10;     | &#9;at org.gradle.api.internal.tasks.testing.junitplatform.JUnitPlatformTestClassProcessor.stop(JUnitPlatformTestClassProcessor.java:75)&#13;                                               &#10;     | &#9;at org.gradle.api.internal.tasks.testing.SuiteTestClassProcessor.stop(SuiteTestClassProcessor.java:61)&#13;                                                                             &#10;     | &#9;at sun.reflect.NativeMethodAccessorImpl.invoke0(Native Method)&#13;                                                                                                                     &#10;     | &#9;at sun.reflect.NativeMethodAccessorImpl.invoke(NativeMethodAccessorImpl.java:62)&#13;                                                                                                   &#10;     | &#9;at sun.reflect.DelegatingMethodAccessorImpl.invoke(DelegatingMethodAccessorImpl.java:43)&#13;                                                                                           &#10;     | &#9;at java.lang.reflect.Method.invoke(Method.java:498)&#13;                                                                                                                                &#10;     | &#9;at org.gradle.internal.dispatch.ReflectionDispatch.dispatch(ReflectionDispatch.java:36)&#13;                                                                                            &#10;     | &#9;at org.gradle.internal.dispatch.ReflectionDispatch.dispatch(ReflectionDispatch.java:24)&#13;                                                                                            &#10;     | &#9;at org.gradle.internal.dispatch.ContextClassLoaderDispatch.dispatch(ContextClassLoaderDispatch.java:33)&#13;                                                                            &#10;     | &#9;at org.gradle.internal.dispatch.ProxyDispatchAdapter$DispatchingInvocationHandler.invoke(ProxyDispatchAdapter.java:94)&#13;                                                             &#10;     | &#9;at com.sun.proxy.$Proxy2.stop(Unknown Source)&#13;                                                                                                                                      &#10;     | &#9;at org.gradle.api.internal.tasks.testing.worker.TestWorker$3.run(TestWorker.java:193)&#13;                                                                                              &#10;     | &#9;at org.gradle.api.internal.tasks.testing.worker.TestWorker.executeAndMaintainThreadName(TestWorker.java:129)&#13;                                                                       &#10;     | &#9;at org.gradle.api.internal.tasks.testing.worker.TestWorker.execute(TestWorker.java:100)&#13;                                                                                            &#10;     | &#9;at org.gradle.api.internal.tasks.testing.worker.TestWorker.execute(TestWorker.java:60)&#13;                                                                                             &#10;     | &#9;at org.gradle.process.internal.worker.child.ActionExecutionWorker.execute(ActionExecutionWorker.java:56)&#13;                                                                           &#10;     | &#9;at org.gradle.process.internal.worker.child.SystemApplicationClassLoaderWorker.call(SystemApplicationClassLoaderWorker.java:133)&#13;                                                   &#10;     | &#9;at org.gradle.process.internal.worker.child.SystemApplicationClassLoaderWorker.call(SystemApplicationClassLoaderWorker.java:71)&#13;                                                    &#10;     | &#9;at worker.org.gradle.process.internal.worker.GradleWorkerMain.run(GradleWorkerMain.java:69)&#13;                                                                                        &#10;     | &#9;at worker.org.gradle.process.internal.worker.GradleWorkerMain.main(GradleWorkerMain.java:74)&#13;                                                                                       &#10;     | )                                                                                                                                                                                    &#10;&#10;" type="org.scalatest.exceptions.TestFailedException">org.scalatest.exceptions.TestFailedException: didPass was false
Hint: The game should work at any board size which can hold the initial snake. In this case 3x1.
--------------------------------------------------------------------------------
This is what went wrong:

step=0, rand=0, actions=&lt;&gt;
Want | Got ✗                                                                                                                                                                                
--------------------------------------------------------------------------------------------------------------------------------------------------------------------------------------------
OO&gt;  | LogicFailed(java.lang.ArithmeticException: / by zero                                                                                                                                
     | 	at generic.TestRandomGen.randomInt(TestRandomGen.scala:17)                                                                                                                         
     | 	at snake.logic.GameLogic.&lt;init&gt;(GameLogic.scala:23)                                                                                                                                
     | 	at snake.SnakeTestSuiteBase.makeGame(SnakeTestSuiteBase.scala:69)                                                                                                                  
     | 	at snake.SnakeTestSuiteBase.makeGame(SnakeTestSuiteBase.scala:64)                                                                                                                  
     | 	at generic.GameTestSuite$TestRecording.liftedTree1$1(GameTestSuite.scala:188)                                                                                                      
     | 	at generic.GameTestSuite$TestRecording.implementationDisplays$lzycompute(GameTestSuite.scala:187)                                                                                  
     | 	at generic.GameTestSuite$TestRecording.implementationDisplays(GameTestSuite.scala:178)                                                                                             
     | 	at generic.GameTestSuite$TestRecording.passes$lzycompute(GameTestSuite.scala:208)                                                                                                  
     | 	at generic.GameTestSuite$TestRecording.passes(GameTestSuite.scala:207)                                                                                                             
     | 	at generic.GameTestSuite.checkGame(GameTestSuite.scala:290)                                                                                                                        
     | 	at snake.SnakeTestSuiteBase.checkGame(SnakeTestSuiteBase.scala:102)                                                                                                                
     | 	at snake.basic.FullGameTests.$anonfun$new$1(FullGameTests.scala:24)                                                                                                                
     | 	at scala.runtime.java8.JFunction0$mcV$sp.apply(JFunction0$mcV$sp.scala:18)                                                                                                         
     | 	at infrastructure.TestBase.$anonfun$test$1(TestBase.scala:36)                                                                                                                      
     | 	at org.scalatest.OutcomeOf.outcomeOf(OutcomeOf.scala:85)                                                                                                                           
     | 	at org.scalatest.OutcomeOf.outcomeOf$(OutcomeOf.scala:83)                                                                                                                          
     | 	at org.scalatest.OutcomeOf$.outcomeOf(OutcomeOf.scala:104)                                                                                                                         
     | 	at org.scalatest.Transformer.apply(Transformer.scala:22)                                                                                                                           
     | 	at org.scalatest.Transformer.apply(Transformer.scala:20)                                                                                                                           
     | 	at org.scalatest.FunSuiteLike$$anon$1.apply(FunSuiteLike.scala:186)                                                                                                                
     | 	at org.scalatest.TestSuite.withFixture(TestSuite.scala:196)                                                                                                                        
     | 	at org.scalatest.TestSuite.withFixture$(TestSuite.scala:195)                                                                                                                       
     | 	at infrastructure.TestBase.org$scalatest$concurrent$TimeLimitedTests$$super$withFixture(TestBase.scala:9)                                                                          
     | 	at org.scalatest.concurrent.TimeLimitedTests.$anonfun$withFixture$3(TimeLimitedTests.scala:154)                                                                                    
     | 	at org.scalatest.enablers.Timed$$anon$1.timeoutAfter(Timed.scala:127)                                                                                                              
     | 	at org.scalatest.concurrent.TimeLimits.failAfterImpl(TimeLimits.scala:239)                                                                                                         
     | 	at org.scalatest.concurrent.TimeLimits.failAfterImpl$(TimeLimits.scala:233)                                                                                                        
     | 	at org.scalatest.concurrent.TimeLimits$.failAfterImpl(TimeLimits.scala:305)                                                                                                        
     | 	at org.scalatest.concurrent.TimeLimitedTests.withFixture(TimeLimitedTests.scala:153)                                                                                               
     | 	at org.scalatest.concurrent.TimeLimitedTests.withFixture$(TimeLimitedTests.scala:150)                                                                                              
     | 	at infrastructure.TestBase.withFixture(TestBase.scala:9)                                                                                                                           
     | 	at org.scalatest.FunSuiteLike.invokeWithFixture$1(FunSuiteLike.scala:184)                                                                                                          
     | 	at org.scalatest.FunSuiteLike.$anonfun$runTest$1(FunSuiteLike.scala:196)                                                                                                           
     | 	at org.scalatest.SuperEngine.runTestImpl(Engine.scala:286)                                                                                                                         
     | 	at org.scalatest.FunSuiteLike.runTest(FunSuiteLike.scala:196)                                                                                                                      
     | 	at org.scalatest.FunSuiteLike.runTest$(FunSuiteLike.scala:178)                                                                                                                     
     | 	at org.scalatest.FunSuite.runTest(FunSuite.scala:1560)                                                                                                                             
     | 	at org.scalatest.FunSuiteLike.$anonfun$runTests$1(FunSuiteLike.scala:229)                                                                                                          
     | 	at org.scalatest.SuperEngine.$anonfun$runTestsInBranch$1(Engine.scala:393)                                                                                                         
     | 	at scala.collection.immutable.List.foreach(List.scala:333)                                                                                                                         
     | 	at org.scalatest.SuperEngine.traverseSubNodes$1(Engine.scala:381)                                                                                                                  
     | 	at org.scalatest.SuperEngine.runTestsInBranch(Engine.scala:376)                                                                                                                    
     | 	at org.scalatest.SuperEngine.runTestsImpl(Engine.scala:458)                                                                                                                        
     | 	at org.scalatest.FunSuiteLike.runTests(FunSuiteLike.scala:229)                                                                                                                     
     | 	at org.scalatest.FunSuiteLike.runTests$(FunSuiteLike.scala:228)                                                                                                                    
     | 	at org.scalatest.FunSuite.runTests(FunSuite.scala:1560)                                                                                                                            
     | 	at org.scalatest.Suite.run(Suite.scala:1124)                                                                                                                                       
     | 	at org.scalatest.Suite.run$(Suite.scala:1106)                                                                                                                                      
     | 	at org.scalatest.FunSuite.org$scalatest$FunSuiteLike$$super$run(FunSuite.scala:1560)                                                                                               
     | 	at org.scalatest.FunSuiteLike.$anonfun$run$1(FunSuiteLike.scala:233)                                                                                                               
     | 	at org.scalatest.SuperEngine.runImpl(Engine.scala:518)                                                                                                                             
     | 	at org.scalatest.FunSuiteLike.run(FunSuiteLike.scala:233)                                                                                                                          
     | 	at org.scalatest.FunSuiteLike.run$(FunSuiteLike.scala:232)                                                                                                                         
     | 	at infrastructure.TestBase.run(TestBase.scala:26)                                                                                                                                  
     | 	at org.scalatest.Suite.callExecuteOnSuite$1(Suite.scala:1187)                                                                                                                      
     | 	at org.scalatest.Suite.$anonfun$runNestedSuites$1(Suite.scala:1234)                                                                                                                
     | 	at scala.collection.ArrayOps$.foreach$extension(ArrayOps.scala:1323)                                                                                                               
     | 	at org.scalatest.Suite.runNestedSuites(Suite.scala:1232)                                                                                                                           
     | 	at org.scalatest.Suite.runNestedSuites$(Suite.scala:1166)                                                                                                                          
     | 	at org.scalatest.Suites.runNestedSuites(Suites.scala:56)                                                                                                                           
     | 	at org.scalatest.Suite.run(Suite.scala:1121)                                                                                                                                       
     | 	at org.scalatest.Suite.run$(Suite.scala:1106)                                                                                                                                      
     | 	at snake.SnakeTestSuite.runDirect(SnakeTestSuite.scala:24)                                                                                                                         
     | 	at snake.SnakeTestSuite.run(SnakeTestSuite.scala:16)                                                                                                                               
     | 	at org.scalatestplus.junit.JUnitRunner.run(JUnitRunner.scala:99)                                                                                                                   
     | 	at org.junit.runner.JUnitCore.run(JUnitCore.java:137)                                                                                                                              
     | 	at org.junit.runner.JUnitCore.run(JUnitCore.java:115)                                                                                                                              
     | 	at org.junit.vintage.engine.execution.RunnerExecutor.execute(RunnerExecutor.java:42)                                                                                               
     | 	at org.junit.vintage.engine.VintageTestEngine.executeAllChildren(VintageTestEngine.java:80)                                                                                        
     | 	at org.junit.vintage.engine.VintageTestEngine.execute(VintageTestEngine.java:72)                                                                                                   
     | 	at org.junit.platform.launcher.core.EngineExecutionOrchestrator.execute(EngineExecutionOrchestrator.java:107)                                                                      
     | 	at org.junit.platform.launcher.core.EngineExecutionOrchestrator.execute(EngineExecutionOrchestrator.java:88)                                                                       
     | 	at org.junit.platform.launcher.core.EngineExecutionOrchestrator.lambda$execute$0(EngineExecutionOrchestrator.java:54)                                                              
     | 	at org.junit.platform.launcher.core.EngineExecutionOrchestrator.withInterceptedStreams(EngineExecutionOrchestrator.java:67)                                                        
     | 	at org.junit.platform.launcher.core.EngineExecutionOrchestrator.execute(EngineExecutionOrchestrator.java:52)                                                                       
     | 	at org.junit.platform.launcher.core.DefaultLauncher.execute(DefaultLauncher.java:114)                                                                                              
     | 	at org.junit.platform.launcher.core.DefaultLauncher.execute(DefaultLauncher.java:86)                                                                                               
     | 	at org.junit.platform.launcher.core.DefaultLauncherSession$DelegatingLauncher.execute(DefaultLauncherSession.java:86)                                                              
     | 	at org.junit.platform.launcher.core.SessionPerRequestLauncher.execute(SessionPerRequestLauncher.java:53)                                                                           
     | 	at org.gradle.api.internal.tasks.testing.junitplatform.JUnitPlatformTestClassProcessor$CollectAllTestClassesExecutor.processAllTestClasses(JUnitPlatformTestClassProcessor.java:99)
     | 	at org.gradle.api.internal.tasks.testing.junitplatform.JUnitPlatformTestClassProcessor$CollectAllTestClassesExecutor.access$000(JUnitPlatformTestClassProcessor.java:79)           
     | 	at org.gradle.api.internal.tasks.testing.junitplatform.JUnitPlatformTestClassProcessor.stop(JUnitPlatformTestClassProcessor.java:75)                                               
     | 	at org.gradle.api.internal.tasks.testing.SuiteTestClassProcessor.stop(SuiteTestClassProcessor.java:61)                                                                             
     | 	at sun.reflect.NativeMethodAccessorImpl.invoke0(Native Method)                                                                                                                     
     | 	at sun.reflect.NativeMethodAccessorImpl.invoke(NativeMethodAccessorImpl.java:62)                                                                                                   
     | 	at sun.reflect.DelegatingMethodAccessorImpl.invoke(DelegatingMethodAccessorImpl.java:43)                                                                                           
     | 	at java.lang.reflect.Method.invoke(Method.java:498)                                                                                                                                
     | 	at org.gradle.internal.dispatch.ReflectionDispatch.dispatch(ReflectionDispatch.java:36)                                                                                            
     | 	at org.gradle.internal.dispatch.ReflectionDispatch.dispatch(ReflectionDispatch.java:24)                                                                                            
     | 	at org.gradle.internal.dispatch.ContextClassLoaderDispatch.dispatch(ContextClassLoaderDispatch.java:33)                                                                            
     | 	at org.gradle.internal.dispatch.ProxyDispatchAdapter$DispatchingInvocationHandler.invoke(ProxyDispatchAdapter.java:94)                                                             
     | 	at com.sun.proxy.$Proxy2.stop(Unknown Source)                                                                                                                                      
     | 	at org.gradle.api.internal.tasks.testing.worker.TestWorker$3.run(TestWorker.java:193)                                                                                              
     | 	at org.gradle.api.internal.tasks.testing.worker.TestWorker.executeAndMaintainThreadName(TestWorker.java:129)                                                                       
     | 	at org.gradle.api.internal.tasks.testing.worker.TestWorker.execute(TestWorker.java:100)                                                                                            
     | 	at org.gradle.api.internal.tasks.testing.worker.TestWorker.execute(TestWorker.java:60)                                                                                             
     | 	at org.gradle.process.internal.worker.child.ActionExecutionWorker.execute(ActionExecutionWorker.java:56)                                                                           
     | 	at org.gradle.process.internal.worker.child.SystemApplicationClassLoaderWorker.call(SystemApplicationClassLoaderWorker.java:133)                                                   
     | 	at org.gradle.process.internal.worker.child.SystemApplicationClassLoaderWorker.call(SystemApplicationClassLoaderWorker.java:71)                                                    
     | 	at worker.org.gradle.process.internal.worker.GradleWorkerMain.run(GradleWorkerMain.java:69)                                                                                        
     | 	at worker.org.gradle.process.internal.worker.GradleWorkerMain.main(GradleWorkerMain.java:74)                                                                                       
     | )                                                                                                                                                                                    


	at org.scalatest.Assertions.newAssertionFailedException(Assertions.scala:530)
	at org.scalatest.Assertions.newAssertionFailedException$(Assertions.scala:529)
	at org.scalatest.FunSuite.newAssertionFailedException(FunSuite.scala:1560)
	at org.scalatest.Assertions$AssertionsHelper.macroAssert(Assertions.scala:503)
	at generic.GameTestSuite.checkGame(GameTestSuite.scala:298)
	at snake.SnakeTestSuiteBase.checkGame(SnakeTestSuiteBase.scala:102)
	at snake.basic.FullGameTests.$anonfun$new$1(FullGameTests.scala:24)
	at scala.runtime.java8.JFunction0$mcV$sp.apply(JFunction0$mcV$sp.scala:18)
	at infrastructure.TestBase.$anonfun$test$1(TestBase.scala:36)
	at org.scalatest.OutcomeOf.outcomeOf(OutcomeOf.scala:85)
	at org.scalatest.OutcomeOf.outcomeOf$(OutcomeOf.scala:83)
	at org.scalatest.OutcomeOf$.outcomeOf(OutcomeOf.scala:104)
	at org.scalatest.Transformer.apply(Transformer.scala:22)
	at org.scalatest.Transformer.apply(Transformer.scala:20)
	at org.scalatest.FunSuiteLike$$anon$1.apply(FunSuiteLike.scala:186)
	at org.scalatest.TestSuite.withFixture(TestSuite.scala:196)
	at org.scalatest.TestSuite.withFixture$(TestSuite.scala:195)
	at infrastructure.TestBase.org$scalatest$concurrent$TimeLimitedTests$$super$withFixture(TestBase.scala:9)
	at org.scalatest.concurrent.TimeLimitedTests.$anonfun$withFixture$3(TimeLimitedTests.scala:154)
	at org.scalatest.enablers.Timed$$anon$1.timeoutAfter(Timed.scala:127)
	at org.scalatest.concurrent.TimeLimits.failAfterImpl(TimeLimits.scala:239)
	at org.scalatest.concurrent.TimeLimits.failAfterImpl$(TimeLimits.scala:233)
	at org.scalatest.concurrent.TimeLimits$.failAfterImpl(TimeLimits.scala:305)
	at org.scalatest.concurrent.TimeLimitedTests.withFixture(TimeLimitedTests.scala:153)
	at org.scalatest.concurrent.TimeLimitedTests.withFixture$(TimeLimitedTests.scala:150)
	at infrastructure.TestBase.withFixture(TestBase.scala:9)
	at org.scalatest.FunSuiteLike.invokeWithFixture$1(FunSuiteLike.scala:184)
	at org.scalatest.FunSuiteLike.$anonfun$runTest$1(FunSuiteLike.scala:196)
	at org.scalatest.SuperEngine.runTestImpl(Engine.scala:286)
	at org.scalatest.FunSuiteLike.runTest(FunSuiteLike.scala:196)
	at org.scalatest.FunSuiteLike.runTest$(FunSuiteLike.scala:178)
	at org.scalatest.FunSuite.runTest(FunSuite.scala:1560)
	at org.scalatest.FunSuiteLike.$anonfun$runTests$1(FunSuiteLike.scala:229)
	at org.scalatest.SuperEngine.$anonfun$runTestsInBranch$1(Engine.scala:393)
	at scala.collection.immutable.List.foreach(List.scala:333)
	at org.scalatest.SuperEngine.traverseSubNodes$1(Engine.scala:381)
	at org.scalatest.SuperEngine.runTestsInBranch(Engine.scala:376)
	at org.scalatest.SuperEngine.runTestsImpl(Engine.scala:458)
	at org.scalatest.FunSuiteLike.runTests(FunSuiteLike.scala:229)
	at org.scalatest.FunSuiteLike.runTests$(FunSuiteLike.scala:228)
	at org.scalatest.FunSuite.runTests(FunSuite.scala:1560)
	at org.scalatest.Suite.run(Suite.scala:1124)
	at org.scalatest.Suite.run$(Suite.scala:1106)
	at org.scalatest.FunSuite.org$scalatest$FunSuiteLike$$super$run(FunSuite.scala:1560)
	at org.scalatest.FunSuiteLike.$anonfun$run$1(FunSuiteLike.scala:233)
	at org.scalatest.SuperEngine.runImpl(Engine.scala:518)
	at org.scalatest.FunSuiteLike.run(FunSuiteLike.scala:233)
	at org.scalatest.FunSuiteLike.run$(FunSuiteLike.scala:232)
	at infrastructure.TestBase.run(TestBase.scala:26)
	at org.scalatest.Suite.callExecuteOnSuite$1(Suite.scala:1187)
	at org.scalatest.Suite.$anonfun$runNestedSuites$1(Suite.scala:1234)
	at scala.collection.ArrayOps$.foreach$extension(ArrayOps.scala:1323)
	at org.scalatest.Suite.runNestedSuites(Suite.scala:1232)
	at org.scalatest.Suite.runNestedSuites$(Suite.scala:1166)
	at org.scalatest.Suites.runNestedSuites(Suites.scala:56)
	at org.scalatest.Suite.run(Suite.scala:1121)
	at org.scalatest.Suite.run$(Suite.scala:1106)
	at snake.SnakeTestSuite.runDirect(SnakeTestSuite.scala:24)
	at snake.SnakeTestSuite.run(SnakeTestSuite.scala:16)
	at org.scalatestplus.junit.JUnitRunner.run(JUnitRunner.scala:99)
	at org.junit.runner.JUnitCore.run(JUnitCore.java:137)
	at org.junit.runner.JUnitCore.run(JUnitCore.java:115)
	at org.junit.vintage.engine.execution.RunnerExecutor.execute(RunnerExecutor.java:42)
	at org.junit.vintage.engine.VintageTestEngine.executeAllChildren(VintageTestEngine.java:80)
	at org.junit.vintage.engine.VintageTestEngine.execute(VintageTestEngine.java:72)
	at org.junit.platform.launcher.core.EngineExecutionOrchestrator.execute(EngineExecutionOrchestrator.java:107)
	at org.junit.platform.launcher.core.EngineExecutionOrchestrator.execute(EngineExecutionOrchestrator.java:88)
	at org.junit.platform.launcher.core.EngineExecutionOrchestrator.lambda$execute$0(EngineExecutionOrchestrator.java:54)
	at org.junit.platform.launcher.core.EngineExecutionOrchestrator.withInterceptedStreams(EngineExecutionOrchestrator.java:67)
	at org.junit.platform.launcher.core.EngineExecutionOrchestrator.execute(EngineExecutionOrchestrator.java:52)
	at org.junit.platform.launcher.core.DefaultLauncher.execute(DefaultLauncher.java:114)
	at org.junit.platform.launcher.core.DefaultLauncher.execute(DefaultLauncher.java:86)
	at org.junit.platform.launcher.core.DefaultLauncherSession$DelegatingLauncher.execute(DefaultLauncherSession.java:86)
	at org.junit.platform.launcher.core.SessionPerRequestLauncher.execute(SessionPerRequestLauncher.java:53)
	at org.gradle.api.internal.tasks.testing.junitplatform.JUnitPlatformTestClassProcessor$CollectAllTestClassesExecutor.processAllTestClasses(JUnitPlatformTestClassProcessor.java:99)
	at org.gradle.api.internal.tasks.testing.junitplatform.JUnitPlatformTestClassProcessor$CollectAllTestClassesExecutor.access$000(JUnitPlatformTestClassProcessor.java:79)
	at org.gradle.api.internal.tasks.testing.junitplatform.JUnitPlatformTestClassProcessor.stop(JUnitPlatformTestClassProcessor.java:75)
	at org.gradle.api.internal.tasks.testing.SuiteTestClassProcessor.stop(SuiteTestClassProcessor.java:61)
	at sun.reflect.NativeMethodAccessorImpl.invoke0(Native Method)
	at sun.reflect.NativeMethodAccessorImpl.invoke(NativeMethodAccessorImpl.java:62)
	at sun.reflect.DelegatingMethodAccessorImpl.invoke(DelegatingMethodAccessorImpl.java:43)
	at java.lang.reflect.Method.invoke(Method.java:498)
	at org.gradle.internal.dispatch.ReflectionDispatch.dispatch(ReflectionDispatch.java:36)
	at org.gradle.internal.dispatch.ReflectionDispatch.dispatch(ReflectionDispatch.java:24)
	at org.gradle.internal.dispatch.ContextClassLoaderDispatch.dispatch(ContextClassLoaderDispatch.java:33)
	at org.gradle.internal.dispatch.ProxyDispatchAdapter$DispatchingInvocationHandler.invoke(ProxyDispatchAdapter.java:94)
	at com.sun.proxy.$Proxy2.stop(Unknown Source)
	at org.gradle.api.internal.tasks.testing.worker.TestWorker$3.run(TestWorker.java:193)
	at org.gradle.api.internal.tasks.testing.worker.TestWorker.executeAndMaintainThreadName(TestWorker.java:129)
	at org.gradle.api.internal.tasks.testing.worker.TestWorker.execute(TestWorker.java:100)
	at org.gradle.api.internal.tasks.testing.worker.TestWorker.execute(TestWorker.java:60)
	at org.gradle.process.internal.worker.child.ActionExecutionWorker.execute(ActionExecutionWorker.java:56)
	at org.gradle.process.internal.worker.child.SystemApplicationClassLoaderWorker.call(SystemApplicationClassLoaderWorker.java:133)
	at org.gradle.process.internal.worker.child.SystemApplicationClassLoaderWorker.call(SystemApplicationClassLoaderWorker.java:71)
	at worker.org.gradle.process.internal.worker.GradleWorkerMain.run(GradleWorkerMain.java:69)
	at worker.org.gradle.process.internal.worker.GradleWorkerMain.main(GradleWorkerMain.java:74)
</failure>
  </testcase>
  <testcase name="testGame6x6" classname="snake.basic.FullGameTests" time="0.015">
    <failure message="org.scalatest.exceptions.TestFailedException: didPass was false&#10;Hint: The game should work at any board size which can hold the initial snake. In this case 6x6.&#10;--------------------------------------------------------------------------------&#10;This is what went wrong:&#10;&#10;step=0, rand=2, actions=&lt;&gt;&#10;Want   | Got ✓ &#10;---------------&#10;OO&gt;..A | OO&gt;..A&#10;...... | ......&#10;...... | ......&#10;...... | ......&#10;...... | ......&#10;...... | ......&#10;&#10;step=1, rand=2, actions=&lt;Step&gt;&#10;Want   | Got ✓ &#10;---------------&#10;.OO&gt;.A | .OO&gt;.A&#10;...... | ......&#10;...... | ......&#10;...... | ......&#10;...... | ......&#10;...... | ......&#10;&#10;step=2, rand=2, actions=&lt;Step&gt;&#10;Want   | Got ✓ &#10;---------------&#10;..OO&gt;A | ..OO&gt;A&#10;...... | ......&#10;...... | ......&#10;...... | ......&#10;...... | ......&#10;...... | ......&#10;&#10;step=3, rand=2, actions=&lt;Step&gt;&#10;Want   | Got ✓ &#10;---------------&#10;..AOO&gt; | ..AOO&gt;&#10;...... | ......&#10;...... | ......&#10;...... | ......&#10;...... | ......&#10;...... | ......&#10;&#10;step=4, rand=2, actions=&lt;Step&gt;&#10;Want   | Got ✓ &#10;---------------&#10;&gt;.AOOO | &gt;.AOOO&#10;...... | ......&#10;...... | ......&#10;...... | ......&#10;...... | ......&#10;...... | ......&#10;&#10;step=5, rand=2, actions=&lt;Step&gt;&#10;Want   | Got ✓ &#10;---------------&#10;O&gt;AOOO | O&gt;AOOO&#10;...... | ......&#10;...... | ......&#10;...... | ......&#10;...... | ......&#10;...... | ......&#10;&#10;step=6, rand=2, actions=&lt;Step&gt;&#10;Want   | Got ✗            &#10;--------------------------&#10;OO&gt;OOO | GameOverDisplay()&#10;..A... |                  &#10;...... |                  &#10;...... |                  &#10;...... |                  &#10;...... |                  &#10;&#10;step=7, rand=2, actions=&lt;ChangeDir(South()), Step&gt;&#10;Want   | Got ✗            &#10;--------------------------&#10;OOOOOO | GameOverDisplay()&#10;..vA.. |                  &#10;...... |                  &#10;...... |                  &#10;...... |                  &#10;...... |                  &#10;&#10;step=8, rand=2, actions=&lt;Step&gt;&#10;Want   | Got ✗            &#10;--------------------------&#10;OOOOOO | GameOverDisplay()&#10;..OA.. |                  &#10;..v... |                  &#10;...... |                  &#10;...... |                  &#10;...... |                  &#10;&#10;step=9, rand=2, actions=&lt;ChangeDir(West()), Step&gt;&#10;Want   | Got ✗            &#10;--------------------------&#10;OOOOOO | GameOverDisplay()&#10;..OA.. |                  &#10;.&lt;O... |                  &#10;...... |                  &#10;...... |                  &#10;...... |                  &#10;&#10;step=10, rand=2, actions=&lt;ChangeDir(North()), Step&gt;&#10;Want   | Got ✗            &#10;--------------------------&#10;OOOOOO | GameOverDisplay()&#10;.^OA.. |                  &#10;.OO... |                  &#10;...... |                  &#10;...... |                  &#10;...... |                  &#10;&#10;step=11, rand=2, actions=&lt;ChangeDir(West()), Step&gt;&#10;Want   | Got ✗            &#10;--------------------------&#10;OOOOOO | GameOverDisplay()&#10;&lt;OOA.. |                  &#10;.OO... |                  &#10;...... |                  &#10;...... |                  &#10;...... |                  &#10;&#10;step=12, rand=2, actions=&lt;Step&gt;&#10;Want   | Got ✗            &#10;--------------------------&#10;OOOOOO | GameOverDisplay()&#10;OOOA.&lt; |                  &#10;.OO... |                  &#10;...... |                  &#10;...... |                  &#10;...... |                  &#10;&#10;step=13, rand=2, actions=&lt;Step&gt;&#10;Want   | Got ✗            &#10;--------------------------&#10;OOO.OO | GameOverDisplay()&#10;OOOA&lt;O |                  &#10;.OO... |                  &#10;...... |                  &#10;...... |                  &#10;...... |                  &#10;&#10;step=14, rand=2, actions=&lt;Step&gt;&#10;Want   | Got ✗            &#10;--------------------------&#10;OOO..O | GameOverDisplay()&#10;OOO&lt;OO |                  &#10;AOO... |                  &#10;...... |                  &#10;...... |                  &#10;...... |                  &#10;&#10;step=15, rand=2, actions=&lt;ChangeDir(North()), Step&gt;&#10;Want   | Got ✗            &#10;--------------------------&#10;OOO^.O | GameOverDisplay()&#10;OOOOOO |                  &#10;AOO... |                  &#10;...... |                  &#10;...... |                  &#10;...... |                  &#10;&#10;step=16, rand=2, actions=&lt;Step&gt;&#10;Want   | Got ✗            &#10;--------------------------&#10;OOOO.O | GameOverDisplay()&#10;OOOOOO |                  &#10;AOO... |                  &#10;...... |                  &#10;...... |                  &#10;...^.. |                  &#10;&#10;step=17, rand=2, actions=&lt;Step&gt;&#10;Want   | Got ✗            &#10;--------------------------&#10;OOOO.O | GameOverDisplay()&#10;OOOOOO |                  &#10;AOO... |                  &#10;...... |                  &#10;...^.. |                  &#10;...O.. |                  &#10;&#10;step=18, rand=2, actions=&lt;ChangeDir(West()), Step&gt;&#10;Want   | Got ✗            &#10;--------------------------&#10;OOOO.. | GameOverDisplay()&#10;OOOOOO |                  &#10;AOO... |                  &#10;...... |                  &#10;..&lt;O.. |                  &#10;...O.. |                  &#10;&#10;step=19, rand=2, actions=&lt;Step&gt;&#10;Want   | Got ✗            &#10;--------------------------&#10;.OOO.. | GameOverDisplay()&#10;OOOOOO |                  &#10;AOO... |                  &#10;...... |                  &#10;.&lt;OO.. |                  &#10;...O.. |                  &#10;&#10;step=20, rand=2, actions=&lt;Step&gt;&#10;Want   | Got ✗            &#10;--------------------------&#10;..OO.. | GameOverDisplay()&#10;OOOOOO |                  &#10;AOO... |                  &#10;...... |                  &#10;&lt;OOO.. |                  &#10;...O.. |                  &#10;&#10;step=21, rand=2, actions=&lt;ChangeDir(North()), Step&gt;&#10;Want   | Got ✗            &#10;--------------------------&#10;...O.. | GameOverDisplay()&#10;OOOOOO |                  &#10;AOO... |                  &#10;^..... |                  &#10;OOOO.. |                  &#10;...O.. |                  &#10;&#10;step=22, rand=2, actions=&lt;Step&gt;&#10;Want   | Got ✗            &#10;--------------------------&#10;..AO.. | GameOverDisplay()&#10;OO.OOO |                  &#10;^OO... |                  &#10;O..... |                  &#10;OOOO.. |                  &#10;...O.. |                  &#10;&#10;step=23, rand=2, actions=&lt;ChangeDir(West()), Step&gt;&#10;Want   | Got ✗            &#10;--------------------------&#10;..AO.. | GameOverDisplay()&#10;OO.OOO |                  &#10;OOO..&lt; |                  &#10;O..... |                  &#10;OOOO.. |                  &#10;...O.. |                  &#10;&#10;step=24, rand=2, actions=&lt;Step&gt;&#10;Want   | Got ✗            &#10;--------------------------&#10;..AO.. | GameOverDisplay()&#10;OO.OOO |                  &#10;OOO.&lt;O |                  &#10;O..... |                  &#10;OOOO.. |                  &#10;...O.. |                  &#10;&#10;step=25, rand=2, actions=&lt;ChangeDir(South()), Step&gt;&#10;Want   | Got ✗            &#10;--------------------------&#10;..AO.. | GameOverDisplay()&#10;OO.OOO |                  &#10;OOO.OO |                  &#10;O...v. |                  &#10;OOOO.. |                  &#10;...O.. |                  &#10;&#10;step=26, rand=2, actions=&lt;ChangeDir(East()), Step&gt;&#10;Want   | Got ✗            &#10;--------------------------&#10;..AO.. | GameOverDisplay()&#10;OO.OOO |                  &#10;OO..OO |                  &#10;O...O&gt; |                  &#10;OOOO.. |                  &#10;...O.. |                  &#10;&#10;step=27, rand=2, actions=&lt;Step&gt;&#10;Want              | Got ✓            &#10;-------------------------------------&#10;GameOverDisplay() | GameOverDisplay()&#10;&#10;" type="org.scalatest.exceptions.TestFailedException">org.scalatest.exceptions.TestFailedException: didPass was false
Hint: The game should work at any board size which can hold the initial snake. In this case 6x6.
--------------------------------------------------------------------------------
This is what went wrong:

step=0, rand=2, actions=&lt;&gt;
Want   | Got ✓ 
---------------
OO&gt;..A | OO&gt;..A
...... | ......
...... | ......
...... | ......
...... | ......
...... | ......

step=1, rand=2, actions=&lt;Step&gt;
Want   | Got ✓ 
---------------
.OO&gt;.A | .OO&gt;.A
...... | ......
...... | ......
...... | ......
...... | ......
...... | ......

step=2, rand=2, actions=&lt;Step&gt;
Want   | Got ✓ 
---------------
..OO&gt;A | ..OO&gt;A
...... | ......
...... | ......
...... | ......
...... | ......
...... | ......

step=3, rand=2, actions=&lt;Step&gt;
Want   | Got ✓ 
---------------
..AOO&gt; | ..AOO&gt;
...... | ......
...... | ......
...... | ......
...... | ......
...... | ......

step=4, rand=2, actions=&lt;Step&gt;
Want   | Got ✓ 
---------------
&gt;.AOOO | &gt;.AOOO
...... | ......
...... | ......
...... | ......
...... | ......
...... | ......

step=5, rand=2, actions=&lt;Step&gt;
Want   | Got ✓ 
---------------
O&gt;AOOO | O&gt;AOOO
...... | ......
...... | ......
...... | ......
...... | ......
...... | ......

step=6, rand=2, actions=&lt;Step&gt;
Want   | Got ✗            
--------------------------
OO&gt;OOO | GameOverDisplay()
..A... |                  
...... |                  
...... |                  
...... |                  
...... |                  

step=7, rand=2, actions=&lt;ChangeDir(South()), Step&gt;
Want   | Got ✗            
--------------------------
OOOOOO | GameOverDisplay()
..vA.. |                  
...... |                  
...... |                  
...... |                  
...... |                  

step=8, rand=2, actions=&lt;Step&gt;
Want   | Got ✗            
--------------------------
OOOOOO | GameOverDisplay()
..OA.. |                  
..v... |                  
...... |                  
...... |                  
...... |                  

step=9, rand=2, actions=&lt;ChangeDir(West()), Step&gt;
Want   | Got ✗            
--------------------------
OOOOOO | GameOverDisplay()
..OA.. |                  
.&lt;O... |                  
...... |                  
...... |                  
...... |                  

step=10, rand=2, actions=&lt;ChangeDir(North()), Step&gt;
Want   | Got ✗            
--------------------------
OOOOOO | GameOverDisplay()
.^OA.. |                  
.OO... |                  
...... |                  
...... |                  
...... |                  

step=11, rand=2, actions=&lt;ChangeDir(West()), Step&gt;
Want   | Got ✗            
--------------------------
OOOOOO | GameOverDisplay()
&lt;OOA.. |                  
.OO... |                  
...... |                  
...... |                  
...... |                  

step=12, rand=2, actions=&lt;Step&gt;
Want   | Got ✗            
--------------------------
OOOOOO | GameOverDisplay()
OOOA.&lt; |                  
.OO... |                  
...... |                  
...... |                  
...... |                  

step=13, rand=2, actions=&lt;Step&gt;
Want   | Got ✗            
--------------------------
OOO.OO | GameOverDisplay()
OOOA&lt;O |                  
.OO... |                  
...... |                  
...... |                  
...... |                  

step=14, rand=2, actions=&lt;Step&gt;
Want   | Got ✗            
--------------------------
OOO..O | GameOverDisplay()
OOO&lt;OO |                  
AOO... |                  
...... |                  
...... |                  
...... |                  

step=15, rand=2, actions=&lt;ChangeDir(North()), Step&gt;
Want   | Got ✗            
--------------------------
OOO^.O | GameOverDisplay()
OOOOOO |                  
AOO... |                  
...... |                  
...... |                  
...... |                  

step=16, rand=2, actions=&lt;Step&gt;
Want   | Got ✗            
--------------------------
OOOO.O | GameOverDisplay()
OOOOOO |                  
AOO... |                  
...... |                  
...... |                  
...^.. |                  

step=17, rand=2, actions=&lt;Step&gt;
Want   | Got ✗            
--------------------------
OOOO.O | GameOverDisplay()
OOOOOO |                  
AOO... |                  
...... |                  
...^.. |                  
...O.. |                  

step=18, rand=2, actions=&lt;ChangeDir(West()), Step&gt;
Want   | Got ✗            
--------------------------
OOOO.. | GameOverDisplay()
OOOOOO |                  
AOO... |                  
...... |                  
..&lt;O.. |                  
...O.. |                  

step=19, rand=2, actions=&lt;Step&gt;
Want   | Got ✗            
--------------------------
.OOO.. | GameOverDisplay()
OOOOOO |                  
AOO... |                  
...... |                  
.&lt;OO.. |                  
...O.. |                  

step=20, rand=2, actions=&lt;Step&gt;
Want   | Got ✗            
--------------------------
..OO.. | GameOverDisplay()
OOOOOO |                  
AOO... |                  
...... |                  
&lt;OOO.. |                  
...O.. |                  

step=21, rand=2, actions=&lt;ChangeDir(North()), Step&gt;
Want   | Got ✗            
--------------------------
...O.. | GameOverDisplay()
OOOOOO |                  
AOO... |                  
^..... |                  
OOOO.. |                  
...O.. |                  

step=22, rand=2, actions=&lt;Step&gt;
Want   | Got ✗            
--------------------------
..AO.. | GameOverDisplay()
OO.OOO |                  
^OO... |                  
O..... |                  
OOOO.. |                  
...O.. |                  

step=23, rand=2, actions=&lt;ChangeDir(West()), Step&gt;
Want   | Got ✗            
--------------------------
..AO.. | GameOverDisplay()
OO.OOO |                  
OOO..&lt; |                  
O..... |                  
OOOO.. |                  
...O.. |                  

step=24, rand=2, actions=&lt;Step&gt;
Want   | Got ✗            
--------------------------
..AO.. | GameOverDisplay()
OO.OOO |                  
OOO.&lt;O |                  
O..... |                  
OOOO.. |                  
...O.. |                  

step=25, rand=2, actions=&lt;ChangeDir(South()), Step&gt;
Want   | Got ✗            
--------------------------
..AO.. | GameOverDisplay()
OO.OOO |                  
OOO.OO |                  
O...v. |                  
OOOO.. |                  
...O.. |                  

step=26, rand=2, actions=&lt;ChangeDir(East()), Step&gt;
Want   | Got ✗            
--------------------------
..AO.. | GameOverDisplay()
OO.OOO |                  
OO..OO |                  
O...O&gt; |                  
OOOO.. |                  
...O.. |                  

step=27, rand=2, actions=&lt;Step&gt;
Want              | Got ✓            
-------------------------------------
GameOverDisplay() | GameOverDisplay()


	at org.scalatest.Assertions.newAssertionFailedException(Assertions.scala:530)
	at org.scalatest.Assertions.newAssertionFailedException$(Assertions.scala:529)
	at org.scalatest.FunSuite.newAssertionFailedException(FunSuite.scala:1560)
	at org.scalatest.Assertions$AssertionsHelper.macroAssert(Assertions.scala:503)
	at generic.GameTestSuite.checkGame(GameTestSuite.scala:298)
	at snake.SnakeTestSuiteBase.checkGame(SnakeTestSuiteBase.scala:102)
	at snake.basic.FullGameTests.$anonfun$new$2(FullGameTests.scala:223)
	at scala.runtime.java8.JFunction0$mcV$sp.apply(JFunction0$mcV$sp.scala:18)
	at infrastructure.TestBase.$anonfun$test$1(TestBase.scala:36)
	at org.scalatest.OutcomeOf.outcomeOf(OutcomeOf.scala:85)
	at org.scalatest.OutcomeOf.outcomeOf$(OutcomeOf.scala:83)
	at org.scalatest.OutcomeOf$.outcomeOf(OutcomeOf.scala:104)
	at org.scalatest.Transformer.apply(Transformer.scala:22)
	at org.scalatest.Transformer.apply(Transformer.scala:20)
	at org.scalatest.FunSuiteLike$$anon$1.apply(FunSuiteLike.scala:186)
	at org.scalatest.TestSuite.withFixture(TestSuite.scala:196)
	at org.scalatest.TestSuite.withFixture$(TestSuite.scala:195)
	at infrastructure.TestBase.org$scalatest$concurrent$TimeLimitedTests$$super$withFixture(TestBase.scala:9)
	at org.scalatest.concurrent.TimeLimitedTests.$anonfun$withFixture$3(TimeLimitedTests.scala:154)
	at org.scalatest.enablers.Timed$$anon$1.timeoutAfter(Timed.scala:127)
	at org.scalatest.concurrent.TimeLimits.failAfterImpl(TimeLimits.scala:239)
	at org.scalatest.concurrent.TimeLimits.failAfterImpl$(TimeLimits.scala:233)
	at org.scalatest.concurrent.TimeLimits$.failAfterImpl(TimeLimits.scala:305)
	at org.scalatest.concurrent.TimeLimitedTests.withFixture(TimeLimitedTests.scala:153)
	at org.scalatest.concurrent.TimeLimitedTests.withFixture$(TimeLimitedTests.scala:150)
	at infrastructure.TestBase.withFixture(TestBase.scala:9)
	at org.scalatest.FunSuiteLike.invokeWithFixture$1(FunSuiteLike.scala:184)
	at org.scalatest.FunSuiteLike.$anonfun$runTest$1(FunSuiteLike.scala:196)
	at org.scalatest.SuperEngine.runTestImpl(Engine.scala:286)
	at org.scalatest.FunSuiteLike.runTest(FunSuiteLike.scala:196)
	at org.scalatest.FunSuiteLike.runTest$(FunSuiteLike.scala:178)
	at org.scalatest.FunSuite.runTest(FunSuite.scala:1560)
	at org.scalatest.FunSuiteLike.$anonfun$runTests$1(FunSuiteLike.scala:229)
	at org.scalatest.SuperEngine.$anonfun$runTestsInBranch$1(Engine.scala:393)
	at scala.collection.immutable.List.foreach(List.scala:333)
	at org.scalatest.SuperEngine.traverseSubNodes$1(Engine.scala:381)
	at org.scalatest.SuperEngine.runTestsInBranch(Engine.scala:376)
	at org.scalatest.SuperEngine.runTestsImpl(Engine.scala:458)
	at org.scalatest.FunSuiteLike.runTests(FunSuiteLike.scala:229)
	at org.scalatest.FunSuiteLike.runTests$(FunSuiteLike.scala:228)
	at org.scalatest.FunSuite.runTests(FunSuite.scala:1560)
	at org.scalatest.Suite.run(Suite.scala:1124)
	at org.scalatest.Suite.run$(Suite.scala:1106)
	at org.scalatest.FunSuite.org$scalatest$FunSuiteLike$$super$run(FunSuite.scala:1560)
	at org.scalatest.FunSuiteLike.$anonfun$run$1(FunSuiteLike.scala:233)
	at org.scalatest.SuperEngine.runImpl(Engine.scala:518)
	at org.scalatest.FunSuiteLike.run(FunSuiteLike.scala:233)
	at org.scalatest.FunSuiteLike.run$(FunSuiteLike.scala:232)
	at infrastructure.TestBase.run(TestBase.scala:26)
	at org.scalatest.Suite.callExecuteOnSuite$1(Suite.scala:1187)
	at org.scalatest.Suite.$anonfun$runNestedSuites$1(Suite.scala:1234)
	at scala.collection.ArrayOps$.foreach$extension(ArrayOps.scala:1323)
	at org.scalatest.Suite.runNestedSuites(Suite.scala:1232)
	at org.scalatest.Suite.runNestedSuites$(Suite.scala:1166)
	at org.scalatest.Suites.runNestedSuites(Suites.scala:56)
	at org.scalatest.Suite.run(Suite.scala:1121)
	at org.scalatest.Suite.run$(Suite.scala:1106)
	at snake.SnakeTestSuite.runDirect(SnakeTestSuite.scala:24)
	at snake.SnakeTestSuite.run(SnakeTestSuite.scala:16)
	at org.scalatestplus.junit.JUnitRunner.run(JUnitRunner.scala:99)
	at org.junit.runner.JUnitCore.run(JUnitCore.java:137)
	at org.junit.runner.JUnitCore.run(JUnitCore.java:115)
	at org.junit.vintage.engine.execution.RunnerExecutor.execute(RunnerExecutor.java:42)
	at org.junit.vintage.engine.VintageTestEngine.executeAllChildren(VintageTestEngine.java:80)
	at org.junit.vintage.engine.VintageTestEngine.execute(VintageTestEngine.java:72)
	at org.junit.platform.launcher.core.EngineExecutionOrchestrator.execute(EngineExecutionOrchestrator.java:107)
	at org.junit.platform.launcher.core.EngineExecutionOrchestrator.execute(EngineExecutionOrchestrator.java:88)
	at org.junit.platform.launcher.core.EngineExecutionOrchestrator.lambda$execute$0(EngineExecutionOrchestrator.java:54)
	at org.junit.platform.launcher.core.EngineExecutionOrchestrator.withInterceptedStreams(EngineExecutionOrchestrator.java:67)
	at org.junit.platform.launcher.core.EngineExecutionOrchestrator.execute(EngineExecutionOrchestrator.java:52)
	at org.junit.platform.launcher.core.DefaultLauncher.execute(DefaultLauncher.java:114)
	at org.junit.platform.launcher.core.DefaultLauncher.execute(DefaultLauncher.java:86)
	at org.junit.platform.launcher.core.DefaultLauncherSession$DelegatingLauncher.execute(DefaultLauncherSession.java:86)
	at org.junit.platform.launcher.core.SessionPerRequestLauncher.execute(SessionPerRequestLauncher.java:53)
	at org.gradle.api.internal.tasks.testing.junitplatform.JUnitPlatformTestClassProcessor$CollectAllTestClassesExecutor.processAllTestClasses(JUnitPlatformTestClassProcessor.java:99)
	at org.gradle.api.internal.tasks.testing.junitplatform.JUnitPlatformTestClassProcessor$CollectAllTestClassesExecutor.access$000(JUnitPlatformTestClassProcessor.java:79)
	at org.gradle.api.internal.tasks.testing.junitplatform.JUnitPlatformTestClassProcessor.stop(JUnitPlatformTestClassProcessor.java:75)
	at org.gradle.api.internal.tasks.testing.SuiteTestClassProcessor.stop(SuiteTestClassProcessor.java:61)
	at sun.reflect.NativeMethodAccessorImpl.invoke0(Native Method)
	at sun.reflect.NativeMethodAccessorImpl.invoke(NativeMethodAccessorImpl.java:62)
	at sun.reflect.DelegatingMethodAccessorImpl.invoke(DelegatingMethodAccessorImpl.java:43)
	at java.lang.reflect.Method.invoke(Method.java:498)
	at org.gradle.internal.dispatch.ReflectionDispatch.dispatch(ReflectionDispatch.java:36)
	at org.gradle.internal.dispatch.ReflectionDispatch.dispatch(ReflectionDispatch.java:24)
	at org.gradle.internal.dispatch.ContextClassLoaderDispatch.dispatch(ContextClassLoaderDispatch.java:33)
	at org.gradle.internal.dispatch.ProxyDispatchAdapter$DispatchingInvocationHandler.invoke(ProxyDispatchAdapter.java:94)
	at com.sun.proxy.$Proxy2.stop(Unknown Source)
	at org.gradle.api.internal.tasks.testing.worker.TestWorker$3.run(TestWorker.java:193)
	at org.gradle.api.internal.tasks.testing.worker.TestWorker.executeAndMaintainThreadName(TestWorker.java:129)
	at org.gradle.api.internal.tasks.testing.worker.TestWorker.execute(TestWorker.java:100)
	at org.gradle.api.internal.tasks.testing.worker.TestWorker.execute(TestWorker.java:60)
	at org.gradle.process.internal.worker.child.ActionExecutionWorker.execute(ActionExecutionWorker.java:56)
	at org.gradle.process.internal.worker.child.SystemApplicationClassLoaderWorker.call(SystemApplicationClassLoaderWorker.java:133)
	at org.gradle.process.internal.worker.child.SystemApplicationClassLoaderWorker.call(SystemApplicationClassLoaderWorker.java:71)
	at worker.org.gradle.process.internal.worker.GradleWorkerMain.run(GradleWorkerMain.java:69)
	at worker.org.gradle.process.internal.worker.GradleWorkerMain.main(GradleWorkerMain.java:74)
</failure>
  </testcase>
  <testcase name="testGame6x3" classname="snake.basic.FullGameTests" time="0.01">
    <failure message="org.scalatest.exceptions.TestFailedException: didPass was false&#10;Hint: The game should work at any board size which can hold the initial snake. In this case 6x3.&#10;--------------------------------------------------------------------------------&#10;This is what went wrong:&#10;&#10;step=0, rand=2, actions=&lt;&gt;&#10;Want   | Got ✓ &#10;---------------&#10;OO&gt;..A | OO&gt;..A&#10;...... | ......&#10;...... | ......&#10;&#10;step=1, rand=2, actions=&lt;Step&gt;&#10;Want   | Got ✓ &#10;---------------&#10;.OO&gt;.A | .OO&gt;.A&#10;...... | ......&#10;...... | ......&#10;&#10;step=2, rand=2, actions=&lt;Step&gt;&#10;Want   | Got ✓ &#10;---------------&#10;..OO&gt;A | ..OO&gt;A&#10;...... | ......&#10;...... | ......&#10;&#10;step=3, rand=2, actions=&lt;Step&gt;&#10;Want   | Got ✓ &#10;---------------&#10;..AOO&gt; | ..AOO&gt;&#10;...... | ......&#10;...... | ......&#10;&#10;step=4, rand=2, actions=&lt;Step&gt;&#10;Want   | Got ✓ &#10;---------------&#10;&gt;.AOOO | &gt;.AOOO&#10;...... | ......&#10;...... | ......&#10;&#10;step=5, rand=2, actions=&lt;Step&gt;&#10;Want   | Got ✓ &#10;---------------&#10;O&gt;AOOO | O&gt;AOOO&#10;...... | ......&#10;...... | ......&#10;&#10;step=6, rand=2, actions=&lt;Step&gt;&#10;Want   | Got ✗            &#10;--------------------------&#10;OO&gt;OOO | GameOverDisplay()&#10;..A... |                  &#10;...... |                  &#10;&#10;step=7, rand=2, actions=&lt;ChangeDir(North()), Step&gt;&#10;Want   | Got ✗            &#10;--------------------------&#10;OOOOOO | GameOverDisplay()&#10;..A... |                  &#10;..^... |                  &#10;&#10;step=8, rand=2, actions=&lt;Step&gt;&#10;Want   | Got ✗            &#10;--------------------------&#10;OOOOOO | GameOverDisplay()&#10;..^A.. |                  &#10;..O... |                  &#10;&#10;step=9, rand=2, actions=&lt;ChangeDir(West()), Step&gt;&#10;Want   | Got ✗            &#10;--------------------------&#10;OOOOOO | GameOverDisplay()&#10;.&lt;OA.. |                  &#10;..O... |                  &#10;&#10;step=10, rand=2, actions=&lt;Step&gt;&#10;Want   | Got ✗            &#10;--------------------------&#10;OOOOOO | GameOverDisplay()&#10;&lt;OOA.. |                  &#10;..O... |                  &#10;&#10;step=11, rand=2, actions=&lt;Step&gt;&#10;Want   | Got ✗            &#10;--------------------------&#10;OOOOOO | GameOverDisplay()&#10;OOOA.&lt; |                  &#10;..O... |                  &#10;&#10;step=12, rand=2, actions=&lt;Step&gt;&#10;Want   | Got ✗            &#10;--------------------------&#10;OOOOOO | GameOverDisplay()&#10;OOOA&lt;O |                  &#10;..O... |                  &#10;&#10;step=13, rand=2, actions=&lt;Step&gt;&#10;Want   | Got ✗            &#10;--------------------------&#10;OOO.OO | GameOverDisplay()&#10;OOO&lt;OO |                  &#10;.AO... |                  &#10;&#10;step=14, rand=2, actions=&lt;ChangeDir(South()), Step&gt;&#10;Want   | Got ✗            &#10;--------------------------&#10;OOO.OO | GameOverDisplay()&#10;OOOOOO |                  &#10;.AOv.. |                  &#10;&#10;step=15, rand=2, actions=&lt;ChangeDir(East()), Step&gt;&#10;Want   | Got ✗            &#10;--------------------------&#10;OOO.OO | GameOverDisplay()&#10;OOOOOO |                  &#10;.AOO&gt;. |                  &#10;&#10;step=16, rand=2, actions=&lt;Step&gt;&#10;Want   | Got ✗            &#10;--------------------------&#10;OOO.OO | GameOverDisplay()&#10;OOOOOO |                  &#10;.AOOO&gt; |                  &#10;&#10;step=17, rand=2, actions=&lt;Step&gt;&#10;Want   | Got ✗            &#10;--------------------------&#10;OOO..O | GameOverDisplay()&#10;OOOOOO |                  &#10;&gt;AOOOO |                  &#10;&#10;step=18, rand=2, actions=&lt;Step&gt;&#10;Want   | Got ✗            &#10;--------------------------&#10;OOO..A | GameOverDisplay()&#10;OOOOOO |                  &#10;O&gt;OOOO |                  &#10;&#10;step=19, rand=2, actions=&lt;Step&gt;&#10;Want              | Got ✓            &#10;-------------------------------------&#10;GameOverDisplay() | GameOverDisplay()&#10;&#10;" type="org.scalatest.exceptions.TestFailedException">org.scalatest.exceptions.TestFailedException: didPass was false
Hint: The game should work at any board size which can hold the initial snake. In this case 6x3.
--------------------------------------------------------------------------------
This is what went wrong:

step=0, rand=2, actions=&lt;&gt;
Want   | Got ✓ 
---------------
OO&gt;..A | OO&gt;..A
...... | ......
...... | ......

step=1, rand=2, actions=&lt;Step&gt;
Want   | Got ✓ 
---------------
.OO&gt;.A | .OO&gt;.A
...... | ......
...... | ......

step=2, rand=2, actions=&lt;Step&gt;
Want   | Got ✓ 
---------------
..OO&gt;A | ..OO&gt;A
...... | ......
...... | ......

step=3, rand=2, actions=&lt;Step&gt;
Want   | Got ✓ 
---------------
..AOO&gt; | ..AOO&gt;
...... | ......
...... | ......

step=4, rand=2, actions=&lt;Step&gt;
Want   | Got ✓ 
---------------
&gt;.AOOO | &gt;.AOOO
...... | ......
...... | ......

step=5, rand=2, actions=&lt;Step&gt;
Want   | Got ✓ 
---------------
O&gt;AOOO | O&gt;AOOO
...... | ......
...... | ......

step=6, rand=2, actions=&lt;Step&gt;
Want   | Got ✗            
--------------------------
OO&gt;OOO | GameOverDisplay()
..A... |                  
...... |                  

step=7, rand=2, actions=&lt;ChangeDir(North()), Step&gt;
Want   | Got ✗            
--------------------------
OOOOOO | GameOverDisplay()
..A... |                  
..^... |                  

step=8, rand=2, actions=&lt;Step&gt;
Want   | Got ✗            
--------------------------
OOOOOO | GameOverDisplay()
..^A.. |                  
..O... |                  

step=9, rand=2, actions=&lt;ChangeDir(West()), Step&gt;
Want   | Got ✗            
--------------------------
OOOOOO | GameOverDisplay()
.&lt;OA.. |                  
..O... |                  

step=10, rand=2, actions=&lt;Step&gt;
Want   | Got ✗            
--------------------------
OOOOOO | GameOverDisplay()
&lt;OOA.. |                  
..O... |                  

step=11, rand=2, actions=&lt;Step&gt;
Want   | Got ✗            
--------------------------
OOOOOO | GameOverDisplay()
OOOA.&lt; |                  
..O... |                  

step=12, rand=2, actions=&lt;Step&gt;
Want   | Got ✗            
--------------------------
OOOOOO | GameOverDisplay()
OOOA&lt;O |                  
..O... |                  

step=13, rand=2, actions=&lt;Step&gt;
Want   | Got ✗            
--------------------------
OOO.OO | GameOverDisplay()
OOO&lt;OO |                  
.AO... |                  

step=14, rand=2, actions=&lt;ChangeDir(South()), Step&gt;
Want   | Got ✗            
--------------------------
OOO.OO | GameOverDisplay()
OOOOOO |                  
.AOv.. |                  

step=15, rand=2, actions=&lt;ChangeDir(East()), Step&gt;
Want   | Got ✗            
--------------------------
OOO.OO | GameOverDisplay()
OOOOOO |                  
.AOO&gt;. |                  

step=16, rand=2, actions=&lt;Step&gt;
Want   | Got ✗            
--------------------------
OOO.OO | GameOverDisplay()
OOOOOO |                  
.AOOO&gt; |                  

step=17, rand=2, actions=&lt;Step&gt;
Want   | Got ✗            
--------------------------
OOO..O | GameOverDisplay()
OOOOOO |                  
&gt;AOOOO |                  

step=18, rand=2, actions=&lt;Step&gt;
Want   | Got ✗            
--------------------------
OOO..A | GameOverDisplay()
OOOOOO |                  
O&gt;OOOO |                  

step=19, rand=2, actions=&lt;Step&gt;
Want              | Got ✓            
-------------------------------------
GameOverDisplay() | GameOverDisplay()


	at org.scalatest.Assertions.newAssertionFailedException(Assertions.scala:530)
	at org.scalatest.Assertions.newAssertionFailedException$(Assertions.scala:529)
	at org.scalatest.FunSuite.newAssertionFailedException(FunSuite.scala:1560)
	at org.scalatest.Assertions$AssertionsHelper.macroAssert(Assertions.scala:503)
	at generic.GameTestSuite.checkGame(GameTestSuite.scala:298)
	at snake.SnakeTestSuiteBase.checkGame(SnakeTestSuiteBase.scala:102)
	at snake.basic.FullGameTests.$anonfun$new$3(FullGameTests.scala:308)
	at scala.runtime.java8.JFunction0$mcV$sp.apply(JFunction0$mcV$sp.scala:18)
	at infrastructure.TestBase.$anonfun$test$1(TestBase.scala:36)
	at org.scalatest.OutcomeOf.outcomeOf(OutcomeOf.scala:85)
	at org.scalatest.OutcomeOf.outcomeOf$(OutcomeOf.scala:83)
	at org.scalatest.OutcomeOf$.outcomeOf(OutcomeOf.scala:104)
	at org.scalatest.Transformer.apply(Transformer.scala:22)
	at org.scalatest.Transformer.apply(Transformer.scala:20)
	at org.scalatest.FunSuiteLike$$anon$1.apply(FunSuiteLike.scala:186)
	at org.scalatest.TestSuite.withFixture(TestSuite.scala:196)
	at org.scalatest.TestSuite.withFixture$(TestSuite.scala:195)
	at infrastructure.TestBase.org$scalatest$concurrent$TimeLimitedTests$$super$withFixture(TestBase.scala:9)
	at org.scalatest.concurrent.TimeLimitedTests.$anonfun$withFixture$3(TimeLimitedTests.scala:154)
	at org.scalatest.enablers.Timed$$anon$1.timeoutAfter(Timed.scala:127)
	at org.scalatest.concurrent.TimeLimits.failAfterImpl(TimeLimits.scala:239)
	at org.scalatest.concurrent.TimeLimits.failAfterImpl$(TimeLimits.scala:233)
	at org.scalatest.concurrent.TimeLimits$.failAfterImpl(TimeLimits.scala:305)
	at org.scalatest.concurrent.TimeLimitedTests.withFixture(TimeLimitedTests.scala:153)
	at org.scalatest.concurrent.TimeLimitedTests.withFixture$(TimeLimitedTests.scala:150)
	at infrastructure.TestBase.withFixture(TestBase.scala:9)
	at org.scalatest.FunSuiteLike.invokeWithFixture$1(FunSuiteLike.scala:184)
	at org.scalatest.FunSuiteLike.$anonfun$runTest$1(FunSuiteLike.scala:196)
	at org.scalatest.SuperEngine.runTestImpl(Engine.scala:286)
	at org.scalatest.FunSuiteLike.runTest(FunSuiteLike.scala:196)
	at org.scalatest.FunSuiteLike.runTest$(FunSuiteLike.scala:178)
	at org.scalatest.FunSuite.runTest(FunSuite.scala:1560)
	at org.scalatest.FunSuiteLike.$anonfun$runTests$1(FunSuiteLike.scala:229)
	at org.scalatest.SuperEngine.$anonfun$runTestsInBranch$1(Engine.scala:393)
	at scala.collection.immutable.List.foreach(List.scala:333)
	at org.scalatest.SuperEngine.traverseSubNodes$1(Engine.scala:381)
	at org.scalatest.SuperEngine.runTestsInBranch(Engine.scala:376)
	at org.scalatest.SuperEngine.runTestsImpl(Engine.scala:458)
	at org.scalatest.FunSuiteLike.runTests(FunSuiteLike.scala:229)
	at org.scalatest.FunSuiteLike.runTests$(FunSuiteLike.scala:228)
	at org.scalatest.FunSuite.runTests(FunSuite.scala:1560)
	at org.scalatest.Suite.run(Suite.scala:1124)
	at org.scalatest.Suite.run$(Suite.scala:1106)
	at org.scalatest.FunSuite.org$scalatest$FunSuiteLike$$super$run(FunSuite.scala:1560)
	at org.scalatest.FunSuiteLike.$anonfun$run$1(FunSuiteLike.scala:233)
	at org.scalatest.SuperEngine.runImpl(Engine.scala:518)
	at org.scalatest.FunSuiteLike.run(FunSuiteLike.scala:233)
	at org.scalatest.FunSuiteLike.run$(FunSuiteLike.scala:232)
	at infrastructure.TestBase.run(TestBase.scala:26)
	at org.scalatest.Suite.callExecuteOnSuite$1(Suite.scala:1187)
	at org.scalatest.Suite.$anonfun$runNestedSuites$1(Suite.scala:1234)
	at scala.collection.ArrayOps$.foreach$extension(ArrayOps.scala:1323)
	at org.scalatest.Suite.runNestedSuites(Suite.scala:1232)
	at org.scalatest.Suite.runNestedSuites$(Suite.scala:1166)
	at org.scalatest.Suites.runNestedSuites(Suites.scala:56)
	at org.scalatest.Suite.run(Suite.scala:1121)
	at org.scalatest.Suite.run$(Suite.scala:1106)
	at snake.SnakeTestSuite.runDirect(SnakeTestSuite.scala:24)
	at snake.SnakeTestSuite.run(SnakeTestSuite.scala:16)
	at org.scalatestplus.junit.JUnitRunner.run(JUnitRunner.scala:99)
	at org.junit.runner.JUnitCore.run(JUnitCore.java:137)
	at org.junit.runner.JUnitCore.run(JUnitCore.java:115)
	at org.junit.vintage.engine.execution.RunnerExecutor.execute(RunnerExecutor.java:42)
	at org.junit.vintage.engine.VintageTestEngine.executeAllChildren(VintageTestEngine.java:80)
	at org.junit.vintage.engine.VintageTestEngine.execute(VintageTestEngine.java:72)
	at org.junit.platform.launcher.core.EngineExecutionOrchestrator.execute(EngineExecutionOrchestrator.java:107)
	at org.junit.platform.launcher.core.EngineExecutionOrchestrator.execute(EngineExecutionOrchestrator.java:88)
	at org.junit.platform.launcher.core.EngineExecutionOrchestrator.lambda$execute$0(EngineExecutionOrchestrator.java:54)
	at org.junit.platform.launcher.core.EngineExecutionOrchestrator.withInterceptedStreams(EngineExecutionOrchestrator.java:67)
	at org.junit.platform.launcher.core.EngineExecutionOrchestrator.execute(EngineExecutionOrchestrator.java:52)
	at org.junit.platform.launcher.core.DefaultLauncher.execute(DefaultLauncher.java:114)
	at org.junit.platform.launcher.core.DefaultLauncher.execute(DefaultLauncher.java:86)
	at org.junit.platform.launcher.core.DefaultLauncherSession$DelegatingLauncher.execute(DefaultLauncherSession.java:86)
	at org.junit.platform.launcher.core.SessionPerRequestLauncher.execute(SessionPerRequestLauncher.java:53)
	at org.gradle.api.internal.tasks.testing.junitplatform.JUnitPlatformTestClassProcessor$CollectAllTestClassesExecutor.processAllTestClasses(JUnitPlatformTestClassProcessor.java:99)
	at org.gradle.api.internal.tasks.testing.junitplatform.JUnitPlatformTestClassProcessor$CollectAllTestClassesExecutor.access$000(JUnitPlatformTestClassProcessor.java:79)
	at org.gradle.api.internal.tasks.testing.junitplatform.JUnitPlatformTestClassProcessor.stop(JUnitPlatformTestClassProcessor.java:75)
	at org.gradle.api.internal.tasks.testing.SuiteTestClassProcessor.stop(SuiteTestClassProcessor.java:61)
	at sun.reflect.NativeMethodAccessorImpl.invoke0(Native Method)
	at sun.reflect.NativeMethodAccessorImpl.invoke(NativeMethodAccessorImpl.java:62)
	at sun.reflect.DelegatingMethodAccessorImpl.invoke(DelegatingMethodAccessorImpl.java:43)
	at java.lang.reflect.Method.invoke(Method.java:498)
	at org.gradle.internal.dispatch.ReflectionDispatch.dispatch(ReflectionDispatch.java:36)
	at org.gradle.internal.dispatch.ReflectionDispatch.dispatch(ReflectionDispatch.java:24)
	at org.gradle.internal.dispatch.ContextClassLoaderDispatch.dispatch(ContextClassLoaderDispatch.java:33)
	at org.gradle.internal.dispatch.ProxyDispatchAdapter$DispatchingInvocationHandler.invoke(ProxyDispatchAdapter.java:94)
	at com.sun.proxy.$Proxy2.stop(Unknown Source)
	at org.gradle.api.internal.tasks.testing.worker.TestWorker$3.run(TestWorker.java:193)
	at org.gradle.api.internal.tasks.testing.worker.TestWorker.executeAndMaintainThreadName(TestWorker.java:129)
	at org.gradle.api.internal.tasks.testing.worker.TestWorker.execute(TestWorker.java:100)
	at org.gradle.api.internal.tasks.testing.worker.TestWorker.execute(TestWorker.java:60)
	at org.gradle.process.internal.worker.child.ActionExecutionWorker.execute(ActionExecutionWorker.java:56)
	at org.gradle.process.internal.worker.child.SystemApplicationClassLoaderWorker.call(SystemApplicationClassLoaderWorker.java:133)
	at org.gradle.process.internal.worker.child.SystemApplicationClassLoaderWorker.call(SystemApplicationClassLoaderWorker.java:71)
	at worker.org.gradle.process.internal.worker.GradleWorkerMain.run(GradleWorkerMain.java:69)
	at worker.org.gradle.process.internal.worker.GradleWorkerMain.main(GradleWorkerMain.java:74)
</failure>
  </testcase>
  <testcase name="testGame10x7" classname="snake.basic.FullGameTests" time="0.04">
    <failure message="org.scalatest.exceptions.TestFailedException: didPass was false&#10;Hint: The game should work at any board size which can hold the initial snake. In this case 10x7.&#10;--------------------------------------------------------------------------------&#10;This is what went wrong:&#10;&#10;step=0, rand=2, actions=&lt;&gt;&#10;Want       | Got ✓     &#10;-----------------------&#10;OO&gt;..A.... | OO&gt;..A....&#10;.......... | ..........&#10;.......... | ..........&#10;.......... | ..........&#10;.......... | ..........&#10;.......... | ..........&#10;.......... | ..........&#10;&#10;step=1, rand=2, actions=&lt;Step&gt;&#10;Want       | Got ✓     &#10;-----------------------&#10;.OO&gt;.A.... | .OO&gt;.A....&#10;.......... | ..........&#10;.......... | ..........&#10;.......... | ..........&#10;.......... | ..........&#10;.......... | ..........&#10;.......... | ..........&#10;&#10;step=2, rand=2, actions=&lt;Step&gt;&#10;Want       | Got ✓     &#10;-----------------------&#10;..OO&gt;A.... | ..OO&gt;A....&#10;.......... | ..........&#10;.......... | ..........&#10;.......... | ..........&#10;.......... | ..........&#10;.......... | ..........&#10;.......... | ..........&#10;&#10;step=3, rand=2, actions=&lt;Step&gt;&#10;Want       | Got ✓     &#10;-----------------------&#10;..AOO&gt;.... | ..AOO&gt;....&#10;.......... | ..........&#10;.......... | ..........&#10;.......... | ..........&#10;.......... | ..........&#10;.......... | ..........&#10;.......... | ..........&#10;&#10;step=4, rand=2, actions=&lt;Step&gt;&#10;Want       | Got ✓     &#10;-----------------------&#10;..AOOO&gt;... | ..AOOO&gt;...&#10;.......... | ..........&#10;.......... | ..........&#10;.......... | ..........&#10;.......... | ..........&#10;.......... | ..........&#10;.......... | ..........&#10;&#10;step=5, rand=2, actions=&lt;Step&gt;&#10;Want       | Got ✓     &#10;-----------------------&#10;..AOOOO&gt;.. | ..AOOOO&gt;..&#10;.......... | ..........&#10;.......... | ..........&#10;.......... | ..........&#10;.......... | ..........&#10;.......... | ..........&#10;.......... | ..........&#10;&#10;step=6, rand=2, actions=&lt;Step&gt;&#10;Want       | Got ✓     &#10;-----------------------&#10;..AOOOOO&gt;. | ..AOOOOO&gt;.&#10;.......... | ..........&#10;.......... | ..........&#10;.......... | ..........&#10;.......... | ..........&#10;.......... | ..........&#10;.......... | ..........&#10;&#10;step=7, rand=2, actions=&lt;Step&gt;&#10;Want       | Got ✓     &#10;-----------------------&#10;..A.OOOOO&gt; | ..A.OOOOO&gt;&#10;.......... | ..........&#10;.......... | ..........&#10;.......... | ..........&#10;.......... | ..........&#10;.......... | ..........&#10;.......... | ..........&#10;&#10;step=8, rand=2, actions=&lt;Step&gt;&#10;Want       | Got ✓     &#10;-----------------------&#10;&gt;.A..OOOOO | &gt;.A..OOOOO&#10;.......... | ..........&#10;.......... | ..........&#10;.......... | ..........&#10;.......... | ..........&#10;.......... | ..........&#10;.......... | ..........&#10;&#10;step=9, rand=2, actions=&lt;Step&gt;&#10;Want       | Got ✓     &#10;-----------------------&#10;O&gt;A...OOOO | O&gt;A...OOOO&#10;.......... | ..........&#10;.......... | ..........&#10;.......... | ..........&#10;.......... | ..........&#10;.......... | ..........&#10;.......... | ..........&#10;&#10;step=10, rand=2, actions=&lt;Step&gt;&#10;Want       | Got ✗     &#10;-----------------------&#10;OO&gt;..A.OOO | OO&gt;..AOOOO&#10;.......... | ..........&#10;.......... | ..........&#10;.......... | ..........&#10;.......... | ..........&#10;.......... | ..........&#10;.......... | ..........&#10;&#10;step=11, rand=2, actions=&lt;Step&gt;&#10;Want       | Got ✗     &#10;-----------------------&#10;OOO&gt;.A.OOO | OOO&gt;.AOOOO&#10;.......... | ..........&#10;.......... | ..........&#10;.......... | ..........&#10;.......... | ..........&#10;.......... | ..........&#10;.......... | ..........&#10;&#10;step=12, rand=2, actions=&lt;Step&gt;&#10;Want       | Got ✗     &#10;-----------------------&#10;OOOO&gt;A.OOO | OOOO&gt;AOOOO&#10;.......... | ..........&#10;.......... | ..........&#10;.......... | ..........&#10;.......... | ..........&#10;.......... | ..........&#10;.......... | ..........&#10;&#10;step=13, rand=2, actions=&lt;Step&gt;&#10;Want       | Got ✗     &#10;-----------------------&#10;OOOOO&gt;.OOO | OOOOO&gt;OOOO&#10;.A........ | .A........&#10;.......... | ..........&#10;.......... | ..........&#10;.......... | ..........&#10;.......... | ..........&#10;.......... | ..........&#10;&#10;step=14, rand=2, actions=&lt;Step&gt;&#10;Want       | Got ✗            &#10;------------------------------&#10;OOOOOO&gt;OOO | GameOverDisplay()&#10;.A........ |                  &#10;.......... |                  &#10;.......... |                  &#10;.......... |                  &#10;.......... |                  &#10;.......... |                  &#10;&#10;step=15, rand=2, actions=&lt;ChangeDir(North()), Step&gt;&#10;Want       | Got ✗            &#10;------------------------------&#10;OOOOOOOOOO | GameOverDisplay()&#10;.A........ |                  &#10;.......... |                  &#10;.......... |                  &#10;.......... |                  &#10;.......... |                  &#10;......^... |                  &#10;&#10;step=16, rand=2, actions=&lt;Step&gt;&#10;Want       | Got ✗            &#10;------------------------------&#10;OOOOOOOOOO | GameOverDisplay()&#10;.A........ |                  &#10;.......... |                  &#10;.......... |                  &#10;.......... |                  &#10;......^... |                  &#10;......O... |                  &#10;&#10;step=17, rand=2, actions=&lt;ChangeDir(East()), Step&gt;&#10;Want       | Got ✗            &#10;------------------------------&#10;OOOOOOO.OO | GameOverDisplay()&#10;.A........ |                  &#10;.......... |                  &#10;.......... |                  &#10;.......... |                  &#10;......O&gt;.. |                  &#10;......O... |                  &#10;&#10;step=18, rand=2, actions=&lt;Step&gt;&#10;Want       | Got ✗            &#10;------------------------------&#10;OOOOOOO..O | GameOverDisplay()&#10;.A........ |                  &#10;.......... |                  &#10;.......... |                  &#10;.......... |                  &#10;......OO&gt;. |                  &#10;......O... |                  &#10;&#10;step=19, rand=2, actions=&lt;Step&gt;&#10;Want       | Got ✗            &#10;------------------------------&#10;OOOOOOO... | GameOverDisplay()&#10;.A........ |                  &#10;.......... |                  &#10;.......... |                  &#10;.......... |                  &#10;......OOO&gt; |                  &#10;......O... |                  &#10;&#10;step=20, rand=2, actions=&lt;Step&gt;&#10;Want       | Got ✗            &#10;------------------------------&#10;.OOOOOO... | GameOverDisplay()&#10;.A........ |                  &#10;.......... |                  &#10;.......... |                  &#10;.......... |                  &#10;&gt;.....OOOO |                  &#10;......O... |                  &#10;&#10;step=21, rand=2, actions=&lt;Step&gt;&#10;Want       | Got ✗            &#10;------------------------------&#10;..OOOOO... | GameOverDisplay()&#10;.A........ |                  &#10;.......... |                  &#10;.......... |                  &#10;.......... |                  &#10;O&gt;....OOOO |                  &#10;......O... |                  &#10;&#10;step=22, rand=2, actions=&lt;Step&gt;&#10;Want       | Got ✗            &#10;------------------------------&#10;...OOOO... | GameOverDisplay()&#10;.A........ |                  &#10;.......... |                  &#10;.......... |                  &#10;.......... |                  &#10;OO&gt;...OOOO |                  &#10;......O... |                  &#10;&#10;step=23, rand=2, actions=&lt;Step&gt;&#10;Want       | Got ✗            &#10;------------------------------&#10;....OOO... | GameOverDisplay()&#10;.A........ |                  &#10;.......... |                  &#10;.......... |                  &#10;.......... |                  &#10;OOO&gt;..OOOO |                  &#10;......O... |                  &#10;&#10;step=24, rand=2, actions=&lt;Step&gt;&#10;Want       | Got ✗            &#10;------------------------------&#10;.....OO... | GameOverDisplay()&#10;.A........ |                  &#10;.......... |                  &#10;.......... |                  &#10;.......... |                  &#10;OOOO&gt;.OOOO |                  &#10;......O... |                  &#10;&#10;step=25, rand=2, actions=&lt;ChangeDir(North()), Step&gt;&#10;Want       | Got ✗            &#10;------------------------------&#10;......O... | GameOverDisplay()&#10;.A........ |                  &#10;.......... |                  &#10;.......... |                  &#10;....^..... |                  &#10;OOOOO.OOOO |                  &#10;......O... |                  &#10;&#10;step=26, rand=2, actions=&lt;Step&gt;&#10;Want       | Got ✗            &#10;------------------------------&#10;.......... | GameOverDisplay()&#10;.A........ |                  &#10;.......... |                  &#10;....^..... |                  &#10;....O..... |                  &#10;OOOOO.OOOO |                  &#10;......O... |                  &#10;&#10;step=27, rand=2, actions=&lt;Step&gt;&#10;Want       | Got ✗            &#10;------------------------------&#10;.......... | GameOverDisplay()&#10;.A........ |                  &#10;....^..... |                  &#10;....O..... |                  &#10;....O..... |                  &#10;OOOOO.OOOO |                  &#10;.......... |                  &#10;&#10;step=28, rand=2, actions=&lt;Step&gt;&#10;Want       | Got ✗            &#10;------------------------------&#10;.......... | GameOverDisplay()&#10;.A..^..... |                  &#10;....O..... |                  &#10;....O..... |                  &#10;....O..... |                  &#10;OOOOO..OOO |                  &#10;.......... |                  &#10;&#10;step=29, rand=2, actions=&lt;ChangeDir(West()), Step&gt;&#10;Want       | Got ✗            &#10;------------------------------&#10;.......... | GameOverDisplay()&#10;.A.&lt;O..... |                  &#10;....O..... |                  &#10;....O..... |                  &#10;....O..... |                  &#10;OOOOO...OO |                  &#10;.......... |                  &#10;&#10;step=30, rand=2, actions=&lt;Step&gt;&#10;Want       | Got ✗            &#10;------------------------------&#10;.......... | GameOverDisplay()&#10;.A&lt;OO..... |                  &#10;....O..... |                  &#10;....O..... |                  &#10;....O..... |                  &#10;OOOOO....O |                  &#10;.......... |                  &#10;&#10;step=31, rand=2, actions=&lt;Step&gt;&#10;Want       | Got ✗            &#10;------------------------------&#10;..A....... | GameOverDisplay()&#10;.&lt;OOO..... |                  &#10;....O..... |                  &#10;....O..... |                  &#10;....O..... |                  &#10;OOOOO..... |                  &#10;.......... |                  &#10;&#10;step=32, rand=2, actions=&lt;Step&gt;&#10;Want       | Got ✗            &#10;------------------------------&#10;..A....... | GameOverDisplay()&#10;&lt;OOOO..... |                  &#10;....O..... |                  &#10;....O..... |                  &#10;....O..... |                  &#10;OOOOO..... |                  &#10;.......... |                  &#10;&#10;step=33, rand=2, actions=&lt;Step&gt;&#10;Want       | Got ✗            &#10;------------------------------&#10;..A....... | GameOverDisplay()&#10;OOOOO....&lt; |                  &#10;....O..... |                  &#10;....O..... |                  &#10;....O..... |                  &#10;OOOOO..... |                  &#10;.......... |                  &#10;&#10;step=34, rand=2, actions=&lt;Step&gt;&#10;Want       | Got ✗            &#10;------------------------------&#10;..A....... | GameOverDisplay()&#10;OOOOO...&lt;O |                  &#10;....O..... |                  &#10;....O..... |                  &#10;....O..... |                  &#10;OOOOO..... |                  &#10;.......... |                  &#10;&#10;step=35, rand=2, actions=&lt;ChangeDir(South()), Step&gt;&#10;Want       | Got ✗            &#10;------------------------------&#10;..A....... | GameOverDisplay()&#10;OOOOO...OO |                  &#10;....O...v. |                  &#10;....O..... |                  &#10;....O..... |                  &#10;.OOOO..... |                  &#10;.......... |                  &#10;&#10;step=36, rand=2, actions=&lt;Step&gt;&#10;Want       | Got ✗            &#10;------------------------------&#10;..A....... | GameOverDisplay()&#10;OOOOO...OO |                  &#10;....O...O. |                  &#10;....O...v. |                  &#10;....O..... |                  &#10;..OOO..... |                  &#10;.......... |                  &#10;&#10;step=37, rand=2, actions=&lt;Step&gt;&#10;Want       | Got ✗            &#10;------------------------------&#10;..A....... | GameOverDisplay()&#10;OOOOO...OO |                  &#10;....O...O. |                  &#10;....O...O. |                  &#10;....O...v. |                  &#10;...OO..... |                  &#10;.......... |                  &#10;&#10;step=38, rand=2, actions=&lt;Step&gt;&#10;Want       | Got ✗            &#10;------------------------------&#10;..A....... | GameOverDisplay()&#10;OOOOO...OO |                  &#10;....O...O. |                  &#10;....O...O. |                  &#10;....O...O. |                  &#10;....O...v. |                  &#10;.......... |                  &#10;&#10;step=39, rand=2, actions=&lt;Step&gt;&#10;Want       | Got ✗            &#10;------------------------------&#10;..A....... | GameOverDisplay()&#10;OOOOO...OO |                  &#10;....O...O. |                  &#10;....O...O. |                  &#10;....O...O. |                  &#10;........O. |                  &#10;........v. |                  &#10;&#10;step=40, rand=2, actions=&lt;Step&gt;&#10;Want       | Got ✗            &#10;------------------------------&#10;..A.....v. | GameOverDisplay()&#10;OOOOO...OO |                  &#10;....O...O. |                  &#10;....O...O. |                  &#10;........O. |                  &#10;........O. |                  &#10;........O. |                  &#10;&#10;step=41, rand=2, actions=&lt;ChangeDir(West()), Step&gt;&#10;Want       | Got ✗            &#10;------------------------------&#10;..A....&lt;O. | GameOverDisplay()&#10;OOOOO...OO |                  &#10;....O...O. |                  &#10;........O. |                  &#10;........O. |                  &#10;........O. |                  &#10;........O. |                  &#10;&#10;step=42, rand=2, actions=&lt;Step&gt;&#10;Want       | Got ✗            &#10;------------------------------&#10;..A...&lt;OO. | GameOverDisplay()&#10;OOOOO...OO |                  &#10;........O. |                  &#10;........O. |                  &#10;........O. |                  &#10;........O. |                  &#10;........O. |                  &#10;&#10;step=43, rand=2, actions=&lt;Step&gt;&#10;Want       | Got ✗            &#10;------------------------------&#10;..A..&lt;OOO. | GameOverDisplay()&#10;OOOO....OO |                  &#10;........O. |                  &#10;........O. |                  &#10;........O. |                  &#10;........O. |                  &#10;........O. |                  &#10;&#10;step=44, rand=2, actions=&lt;Step&gt;&#10;Want       | Got ✗            &#10;------------------------------&#10;..A.&lt;OOOO. | GameOverDisplay()&#10;OOO.....OO |                  &#10;........O. |                  &#10;........O. |                  &#10;........O. |                  &#10;........O. |                  &#10;........O. |                  &#10;&#10;step=45, rand=2, actions=&lt;Step&gt;&#10;Want       | Got ✗            &#10;------------------------------&#10;..A&lt;OOOOO. | GameOverDisplay()&#10;OO......OO |                  &#10;........O. |                  &#10;........O. |                  &#10;........O. |                  &#10;........O. |                  &#10;........O. |                  &#10;&#10;step=46, rand=2, actions=&lt;Step&gt;&#10;Want       | Got ✗            &#10;------------------------------&#10;..&lt;OOOOOOA | GameOverDisplay()&#10;O.......OO |                  &#10;........O. |                  &#10;........O. |                  &#10;........O. |                  &#10;........O. |                  &#10;........O. |                  &#10;&#10;step=47, rand=2, actions=&lt;Step&gt;&#10;Want       | Got ✗            &#10;------------------------------&#10;.&lt;OOOOOOOA | GameOverDisplay()&#10;O.......OO |                  &#10;........O. |                  &#10;........O. |                  &#10;........O. |                  &#10;........O. |                  &#10;........O. |                  &#10;&#10;step=48, rand=2, actions=&lt;ChangeDir(North()), Step&gt;&#10;Want       | Got ✗            &#10;------------------------------&#10;.OOOOOOOOA | GameOverDisplay()&#10;O.......OO |                  &#10;........O. |                  &#10;........O. |                  &#10;........O. |                  &#10;........O. |                  &#10;.^......O. |                  &#10;&#10;step=49, rand=2, actions=&lt;Step&gt;&#10;Want       | Got ✗            &#10;------------------------------&#10;.OOOOOOOOA | GameOverDisplay()&#10;O.......OO |                  &#10;........O. |                  &#10;........O. |                  &#10;........O. |                  &#10;.^......O. |                  &#10;.O......O. |                  &#10;&#10;step=50, rand=2, actions=&lt;Step&gt;&#10;Want       | Got ✗            &#10;------------------------------&#10;.OOOOOOOOA | GameOverDisplay()&#10;........OO |                  &#10;........O. |                  &#10;........O. |                  &#10;.^......O. |                  &#10;.O......O. |                  &#10;.O......O. |                  &#10;&#10;step=51, rand=2, actions=&lt;Step&gt;&#10;Want       | Got ✗            &#10;------------------------------&#10;.OOOOOOOOA | GameOverDisplay()&#10;........O. |                  &#10;........O. |                  &#10;.^......O. |                  &#10;.O......O. |                  &#10;.O......O. |                  &#10;.O......O. |                  &#10;&#10;step=52, rand=2, actions=&lt;Step&gt;&#10;Want       | Got ✗            &#10;------------------------------&#10;.OOOOOOOOA | GameOverDisplay()&#10;.......... |                  &#10;.^......O. |                  &#10;.O......O. |                  &#10;.O......O. |                  &#10;.O......O. |                  &#10;.O......O. |                  &#10;&#10;step=53, rand=2, actions=&lt;Step&gt;&#10;Want       | Got ✗            &#10;------------------------------&#10;.OOOOOOOOA | GameOverDisplay()&#10;.^........ |                  &#10;.O........ |                  &#10;.O......O. |                  &#10;.O......O. |                  &#10;.O......O. |                  &#10;.O......O. |                  &#10;&#10;step=54, rand=2, actions=&lt;Step&gt;&#10;Want              | Got ✓            &#10;-------------------------------------&#10;GameOverDisplay() | GameOverDisplay()&#10;&#10;" type="org.scalatest.exceptions.TestFailedException">org.scalatest.exceptions.TestFailedException: didPass was false
Hint: The game should work at any board size which can hold the initial snake. In this case 10x7.
--------------------------------------------------------------------------------
This is what went wrong:

step=0, rand=2, actions=&lt;&gt;
Want       | Got ✓     
-----------------------
OO&gt;..A.... | OO&gt;..A....
.......... | ..........
.......... | ..........
.......... | ..........
.......... | ..........
.......... | ..........
.......... | ..........

step=1, rand=2, actions=&lt;Step&gt;
Want       | Got ✓     
-----------------------
.OO&gt;.A.... | .OO&gt;.A....
.......... | ..........
.......... | ..........
.......... | ..........
.......... | ..........
.......... | ..........
.......... | ..........

step=2, rand=2, actions=&lt;Step&gt;
Want       | Got ✓     
-----------------------
..OO&gt;A.... | ..OO&gt;A....
.......... | ..........
.......... | ..........
.......... | ..........
.......... | ..........
.......... | ..........
.......... | ..........

step=3, rand=2, actions=&lt;Step&gt;
Want       | Got ✓     
-----------------------
..AOO&gt;.... | ..AOO&gt;....
.......... | ..........
.......... | ..........
.......... | ..........
.......... | ..........
.......... | ..........
.......... | ..........

step=4, rand=2, actions=&lt;Step&gt;
Want       | Got ✓     
-----------------------
..AOOO&gt;... | ..AOOO&gt;...
.......... | ..........
.......... | ..........
.......... | ..........
.......... | ..........
.......... | ..........
.......... | ..........

step=5, rand=2, actions=&lt;Step&gt;
Want       | Got ✓     
-----------------------
..AOOOO&gt;.. | ..AOOOO&gt;..
.......... | ..........
.......... | ..........
.......... | ..........
.......... | ..........
.......... | ..........
.......... | ..........

step=6, rand=2, actions=&lt;Step&gt;
Want       | Got ✓     
-----------------------
..AOOOOO&gt;. | ..AOOOOO&gt;.
.......... | ..........
.......... | ..........
.......... | ..........
.......... | ..........
.......... | ..........
.......... | ..........

step=7, rand=2, actions=&lt;Step&gt;
Want       | Got ✓     
-----------------------
..A.OOOOO&gt; | ..A.OOOOO&gt;
.......... | ..........
.......... | ..........
.......... | ..........
.......... | ..........
.......... | ..........
.......... | ..........

step=8, rand=2, actions=&lt;Step&gt;
Want       | Got ✓     
-----------------------
&gt;.A..OOOOO | &gt;.A..OOOOO
.......... | ..........
.......... | ..........
.......... | ..........
.......... | ..........
.......... | ..........
.......... | ..........

step=9, rand=2, actions=&lt;Step&gt;
Want       | Got ✓     
-----------------------
O&gt;A...OOOO | O&gt;A...OOOO
.......... | ..........
.......... | ..........
.......... | ..........
.......... | ..........
.......... | ..........
.......... | ..........

step=10, rand=2, actions=&lt;Step&gt;
Want       | Got ✗     
-----------------------
OO&gt;..A.OOO | OO&gt;..AOOOO
.......... | ..........
.......... | ..........
.......... | ..........
.......... | ..........
.......... | ..........
.......... | ..........

step=11, rand=2, actions=&lt;Step&gt;
Want       | Got ✗     
-----------------------
OOO&gt;.A.OOO | OOO&gt;.AOOOO
.......... | ..........
.......... | ..........
.......... | ..........
.......... | ..........
.......... | ..........
.......... | ..........

step=12, rand=2, actions=&lt;Step&gt;
Want       | Got ✗     
-----------------------
OOOO&gt;A.OOO | OOOO&gt;AOOOO
.......... | ..........
.......... | ..........
.......... | ..........
.......... | ..........
.......... | ..........
.......... | ..........

step=13, rand=2, actions=&lt;Step&gt;
Want       | Got ✗     
-----------------------
OOOOO&gt;.OOO | OOOOO&gt;OOOO
.A........ | .A........
.......... | ..........
.......... | ..........
.......... | ..........
.......... | ..........
.......... | ..........

step=14, rand=2, actions=&lt;Step&gt;
Want       | Got ✗            
------------------------------
OOOOOO&gt;OOO | GameOverDisplay()
.A........ |                  
.......... |                  
.......... |                  
.......... |                  
.......... |                  
.......... |                  

step=15, rand=2, actions=&lt;ChangeDir(North()), Step&gt;
Want       | Got ✗            
------------------------------
OOOOOOOOOO | GameOverDisplay()
.A........ |                  
.......... |                  
.......... |                  
.......... |                  
.......... |                  
......^... |                  

step=16, rand=2, actions=&lt;Step&gt;
Want       | Got ✗            
------------------------------
OOOOOOOOOO | GameOverDisplay()
.A........ |                  
.......... |                  
.......... |                  
.......... |                  
......^... |                  
......O... |                  

step=17, rand=2, actions=&lt;ChangeDir(East()), Step&gt;
Want       | Got ✗            
------------------------------
OOOOOOO.OO | GameOverDisplay()
.A........ |                  
.......... |                  
.......... |                  
.......... |                  
......O&gt;.. |                  
......O... |                  

step=18, rand=2, actions=&lt;Step&gt;
Want       | Got ✗            
------------------------------
OOOOOOO..O | GameOverDisplay()
.A........ |                  
.......... |                  
.......... |                  
.......... |                  
......OO&gt;. |                  
......O... |                  

step=19, rand=2, actions=&lt;Step&gt;
Want       | Got ✗            
------------------------------
OOOOOOO... | GameOverDisplay()
.A........ |                  
.......... |                  
.......... |                  
.......... |                  
......OOO&gt; |                  
......O... |                  

step=20, rand=2, actions=&lt;Step&gt;
Want       | Got ✗            
------------------------------
.OOOOOO... | GameOverDisplay()
.A........ |                  
.......... |                  
.......... |                  
.......... |                  
&gt;.....OOOO |                  
......O... |                  

step=21, rand=2, actions=&lt;Step&gt;
Want       | Got ✗            
------------------------------
..OOOOO... | GameOverDisplay()
.A........ |                  
.......... |                  
.......... |                  
.......... |                  
O&gt;....OOOO |                  
......O... |                  

step=22, rand=2, actions=&lt;Step&gt;
Want       | Got ✗            
------------------------------
...OOOO... | GameOverDisplay()
.A........ |                  
.......... |                  
.......... |                  
.......... |                  
OO&gt;...OOOO |                  
......O... |                  

step=23, rand=2, actions=&lt;Step&gt;
Want       | Got ✗            
------------------------------
....OOO... | GameOverDisplay()
.A........ |                  
.......... |                  
.......... |                  
.......... |                  
OOO&gt;..OOOO |                  
......O... |                  

step=24, rand=2, actions=&lt;Step&gt;
Want       | Got ✗            
------------------------------
.....OO... | GameOverDisplay()
.A........ |                  
.......... |                  
.......... |                  
.......... |                  
OOOO&gt;.OOOO |                  
......O... |                  

step=25, rand=2, actions=&lt;ChangeDir(North()), Step&gt;
Want       | Got ✗            
------------------------------
......O... | GameOverDisplay()
.A........ |                  
.......... |                  
.......... |                  
....^..... |                  
OOOOO.OOOO |                  
......O... |                  

step=26, rand=2, actions=&lt;Step&gt;
Want       | Got ✗            
------------------------------
.......... | GameOverDisplay()
.A........ |                  
.......... |                  
....^..... |                  
....O..... |                  
OOOOO.OOOO |                  
......O... |                  

step=27, rand=2, actions=&lt;Step&gt;
Want       | Got ✗            
------------------------------
.......... | GameOverDisplay()
.A........ |                  
....^..... |                  
....O..... |                  
....O..... |                  
OOOOO.OOOO |                  
.......... |                  

step=28, rand=2, actions=&lt;Step&gt;
Want       | Got ✗            
------------------------------
.......... | GameOverDisplay()
.A..^..... |                  
....O..... |                  
....O..... |                  
....O..... |                  
OOOOO..OOO |                  
.......... |                  

step=29, rand=2, actions=&lt;ChangeDir(West()), Step&gt;
Want       | Got ✗            
------------------------------
.......... | GameOverDisplay()
.A.&lt;O..... |                  
....O..... |                  
....O..... |                  
....O..... |                  
OOOOO...OO |                  
.......... |                  

step=30, rand=2, actions=&lt;Step&gt;
Want       | Got ✗            
------------------------------
.......... | GameOverDisplay()
.A&lt;OO..... |                  
....O..... |                  
....O..... |                  
....O..... |                  
OOOOO....O |                  
.......... |                  

step=31, rand=2, actions=&lt;Step&gt;
Want       | Got ✗            
------------------------------
..A....... | GameOverDisplay()
.&lt;OOO..... |                  
....O..... |                  
....O..... |                  
....O..... |                  
OOOOO..... |                  
.......... |                  

step=32, rand=2, actions=&lt;Step&gt;
Want       | Got ✗            
------------------------------
..A....... | GameOverDisplay()
&lt;OOOO..... |                  
....O..... |                  
....O..... |                  
....O..... |                  
OOOOO..... |                  
.......... |                  

step=33, rand=2, actions=&lt;Step&gt;
Want       | Got ✗            
------------------------------
..A....... | GameOverDisplay()
OOOOO....&lt; |                  
....O..... |                  
....O..... |                  
....O..... |                  
OOOOO..... |                  
.......... |                  

step=34, rand=2, actions=&lt;Step&gt;
Want       | Got ✗            
------------------------------
..A....... | GameOverDisplay()
OOOOO...&lt;O |                  
....O..... |                  
....O..... |                  
....O..... |                  
OOOOO..... |                  
.......... |                  

step=35, rand=2, actions=&lt;ChangeDir(South()), Step&gt;
Want       | Got ✗            
------------------------------
..A....... | GameOverDisplay()
OOOOO...OO |                  
....O...v. |                  
....O..... |                  
....O..... |                  
.OOOO..... |                  
.......... |                  

step=36, rand=2, actions=&lt;Step&gt;
Want       | Got ✗            
------------------------------
..A....... | GameOverDisplay()
OOOOO...OO |                  
....O...O. |                  
....O...v. |                  
....O..... |                  
..OOO..... |                  
.......... |                  

step=37, rand=2, actions=&lt;Step&gt;
Want       | Got ✗            
------------------------------
..A....... | GameOverDisplay()
OOOOO...OO |                  
....O...O. |                  
....O...O. |                  
....O...v. |                  
...OO..... |                  
.......... |                  

step=38, rand=2, actions=&lt;Step&gt;
Want       | Got ✗            
------------------------------
..A....... | GameOverDisplay()
OOOOO...OO |                  
....O...O. |                  
....O...O. |                  
....O...O. |                  
....O...v. |                  
.......... |                  

step=39, rand=2, actions=&lt;Step&gt;
Want       | Got ✗            
------------------------------
..A....... | GameOverDisplay()
OOOOO...OO |                  
....O...O. |                  
....O...O. |                  
....O...O. |                  
........O. |                  
........v. |                  

step=40, rand=2, actions=&lt;Step&gt;
Want       | Got ✗            
------------------------------
..A.....v. | GameOverDisplay()
OOOOO...OO |                  
....O...O. |                  
....O...O. |                  
........O. |                  
........O. |                  
........O. |                  

step=41, rand=2, actions=&lt;ChangeDir(West()), Step&gt;
Want       | Got ✗            
------------------------------
..A....&lt;O. | GameOverDisplay()
OOOOO...OO |                  
....O...O. |                  
........O. |                  
........O. |                  
........O. |                  
........O. |                  

step=42, rand=2, actions=&lt;Step&gt;
Want       | Got ✗            
------------------------------
..A...&lt;OO. | GameOverDisplay()
OOOOO...OO |                  
........O. |                  
........O. |                  
........O. |                  
........O. |                  
........O. |                  

step=43, rand=2, actions=&lt;Step&gt;
Want       | Got ✗            
------------------------------
..A..&lt;OOO. | GameOverDisplay()
OOOO....OO |                  
........O. |                  
........O. |                  
........O. |                  
........O. |                  
........O. |                  

step=44, rand=2, actions=&lt;Step&gt;
Want       | Got ✗            
------------------------------
..A.&lt;OOOO. | GameOverDisplay()
OOO.....OO |                  
........O. |                  
........O. |                  
........O. |                  
........O. |                  
........O. |                  

step=45, rand=2, actions=&lt;Step&gt;
Want       | Got ✗            
------------------------------
..A&lt;OOOOO. | GameOverDisplay()
OO......OO |                  
........O. |                  
........O. |                  
........O. |                  
........O. |                  
........O. |                  

step=46, rand=2, actions=&lt;Step&gt;
Want       | Got ✗            
------------------------------
..&lt;OOOOOOA | GameOverDisplay()
O.......OO |                  
........O. |                  
........O. |                  
........O. |                  
........O. |                  
........O. |                  

step=47, rand=2, actions=&lt;Step&gt;
Want       | Got ✗            
------------------------------
.&lt;OOOOOOOA | GameOverDisplay()
O.......OO |                  
........O. |                  
........O. |                  
........O. |                  
........O. |                  
........O. |                  

step=48, rand=2, actions=&lt;ChangeDir(North()), Step&gt;
Want       | Got ✗            
------------------------------
.OOOOOOOOA | GameOverDisplay()
O.......OO |                  
........O. |                  
........O. |                  
........O. |                  
........O. |                  
.^......O. |                  

step=49, rand=2, actions=&lt;Step&gt;
Want       | Got ✗            
------------------------------
.OOOOOOOOA | GameOverDisplay()
O.......OO |                  
........O. |                  
........O. |                  
........O. |                  
.^......O. |                  
.O......O. |                  

step=50, rand=2, actions=&lt;Step&gt;
Want       | Got ✗            
------------------------------
.OOOOOOOOA | GameOverDisplay()
........OO |                  
........O. |                  
........O. |                  
.^......O. |                  
.O......O. |                  
.O......O. |                  

step=51, rand=2, actions=&lt;Step&gt;
Want       | Got ✗            
------------------------------
.OOOOOOOOA | GameOverDisplay()
........O. |                  
........O. |                  
.^......O. |                  
.O......O. |                  
.O......O. |                  
.O......O. |                  

step=52, rand=2, actions=&lt;Step&gt;
Want       | Got ✗            
------------------------------
.OOOOOOOOA | GameOverDisplay()
.......... |                  
.^......O. |                  
.O......O. |                  
.O......O. |                  
.O......O. |                  
.O......O. |                  

step=53, rand=2, actions=&lt;Step&gt;
Want       | Got ✗            
------------------------------
.OOOOOOOOA | GameOverDisplay()
.^........ |                  
.O........ |                  
.O......O. |                  
.O......O. |                  
.O......O. |                  
.O......O. |                  

step=54, rand=2, actions=&lt;Step&gt;
Want              | Got ✓            
-------------------------------------
GameOverDisplay() | GameOverDisplay()


	at org.scalatest.Assertions.newAssertionFailedException(Assertions.scala:530)
	at org.scalatest.Assertions.newAssertionFailedException$(Assertions.scala:529)
	at org.scalatest.FunSuite.newAssertionFailedException(FunSuite.scala:1560)
	at org.scalatest.Assertions$AssertionsHelper.macroAssert(Assertions.scala:503)
	at generic.GameTestSuite.checkGame(GameTestSuite.scala:298)
	at snake.SnakeTestSuiteBase.checkGame(SnakeTestSuiteBase.scala:102)
	at snake.basic.FullGameTests.$anonfun$new$4(FullGameTests.scala:749)
	at scala.runtime.java8.JFunction0$mcV$sp.apply(JFunction0$mcV$sp.scala:18)
	at infrastructure.TestBase.$anonfun$test$1(TestBase.scala:36)
	at org.scalatest.OutcomeOf.outcomeOf(OutcomeOf.scala:85)
	at org.scalatest.OutcomeOf.outcomeOf$(OutcomeOf.scala:83)
	at org.scalatest.OutcomeOf$.outcomeOf(OutcomeOf.scala:104)
	at org.scalatest.Transformer.apply(Transformer.scala:22)
	at org.scalatest.Transformer.apply(Transformer.scala:20)
	at org.scalatest.FunSuiteLike$$anon$1.apply(FunSuiteLike.scala:186)
	at org.scalatest.TestSuite.withFixture(TestSuite.scala:196)
	at org.scalatest.TestSuite.withFixture$(TestSuite.scala:195)
	at infrastructure.TestBase.org$scalatest$concurrent$TimeLimitedTests$$super$withFixture(TestBase.scala:9)
	at org.scalatest.concurrent.TimeLimitedTests.$anonfun$withFixture$3(TimeLimitedTests.scala:154)
	at org.scalatest.enablers.Timed$$anon$1.timeoutAfter(Timed.scala:127)
	at org.scalatest.concurrent.TimeLimits.failAfterImpl(TimeLimits.scala:239)
	at org.scalatest.concurrent.TimeLimits.failAfterImpl$(TimeLimits.scala:233)
	at org.scalatest.concurrent.TimeLimits$.failAfterImpl(TimeLimits.scala:305)
	at org.scalatest.concurrent.TimeLimitedTests.withFixture(TimeLimitedTests.scala:153)
	at org.scalatest.concurrent.TimeLimitedTests.withFixture$(TimeLimitedTests.scala:150)
	at infrastructure.TestBase.withFixture(TestBase.scala:9)
	at org.scalatest.FunSuiteLike.invokeWithFixture$1(FunSuiteLike.scala:184)
	at org.scalatest.FunSuiteLike.$anonfun$runTest$1(FunSuiteLike.scala:196)
	at org.scalatest.SuperEngine.runTestImpl(Engine.scala:286)
	at org.scalatest.FunSuiteLike.runTest(FunSuiteLike.scala:196)
	at org.scalatest.FunSuiteLike.runTest$(FunSuiteLike.scala:178)
	at org.scalatest.FunSuite.runTest(FunSuite.scala:1560)
	at org.scalatest.FunSuiteLike.$anonfun$runTests$1(FunSuiteLike.scala:229)
	at org.scalatest.SuperEngine.$anonfun$runTestsInBranch$1(Engine.scala:393)
	at scala.collection.immutable.List.foreach(List.scala:333)
	at org.scalatest.SuperEngine.traverseSubNodes$1(Engine.scala:381)
	at org.scalatest.SuperEngine.runTestsInBranch(Engine.scala:376)
	at org.scalatest.SuperEngine.runTestsImpl(Engine.scala:458)
	at org.scalatest.FunSuiteLike.runTests(FunSuiteLike.scala:229)
	at org.scalatest.FunSuiteLike.runTests$(FunSuiteLike.scala:228)
	at org.scalatest.FunSuite.runTests(FunSuite.scala:1560)
	at org.scalatest.Suite.run(Suite.scala:1124)
	at org.scalatest.Suite.run$(Suite.scala:1106)
	at org.scalatest.FunSuite.org$scalatest$FunSuiteLike$$super$run(FunSuite.scala:1560)
	at org.scalatest.FunSuiteLike.$anonfun$run$1(FunSuiteLike.scala:233)
	at org.scalatest.SuperEngine.runImpl(Engine.scala:518)
	at org.scalatest.FunSuiteLike.run(FunSuiteLike.scala:233)
	at org.scalatest.FunSuiteLike.run$(FunSuiteLike.scala:232)
	at infrastructure.TestBase.run(TestBase.scala:26)
	at org.scalatest.Suite.callExecuteOnSuite$1(Suite.scala:1187)
	at org.scalatest.Suite.$anonfun$runNestedSuites$1(Suite.scala:1234)
	at scala.collection.ArrayOps$.foreach$extension(ArrayOps.scala:1323)
	at org.scalatest.Suite.runNestedSuites(Suite.scala:1232)
	at org.scalatest.Suite.runNestedSuites$(Suite.scala:1166)
	at org.scalatest.Suites.runNestedSuites(Suites.scala:56)
	at org.scalatest.Suite.run(Suite.scala:1121)
	at org.scalatest.Suite.run$(Suite.scala:1106)
	at snake.SnakeTestSuite.runDirect(SnakeTestSuite.scala:24)
	at snake.SnakeTestSuite.run(SnakeTestSuite.scala:16)
	at org.scalatestplus.junit.JUnitRunner.run(JUnitRunner.scala:99)
	at org.junit.runner.JUnitCore.run(JUnitCore.java:137)
	at org.junit.runner.JUnitCore.run(JUnitCore.java:115)
	at org.junit.vintage.engine.execution.RunnerExecutor.execute(RunnerExecutor.java:42)
	at org.junit.vintage.engine.VintageTestEngine.executeAllChildren(VintageTestEngine.java:80)
	at org.junit.vintage.engine.VintageTestEngine.execute(VintageTestEngine.java:72)
	at org.junit.platform.launcher.core.EngineExecutionOrchestrator.execute(EngineExecutionOrchestrator.java:107)
	at org.junit.platform.launcher.core.EngineExecutionOrchestrator.execute(EngineExecutionOrchestrator.java:88)
	at org.junit.platform.launcher.core.EngineExecutionOrchestrator.lambda$execute$0(EngineExecutionOrchestrator.java:54)
	at org.junit.platform.launcher.core.EngineExecutionOrchestrator.withInterceptedStreams(EngineExecutionOrchestrator.java:67)
	at org.junit.platform.launcher.core.EngineExecutionOrchestrator.execute(EngineExecutionOrchestrator.java:52)
	at org.junit.platform.launcher.core.DefaultLauncher.execute(DefaultLauncher.java:114)
	at org.junit.platform.launcher.core.DefaultLauncher.execute(DefaultLauncher.java:86)
	at org.junit.platform.launcher.core.DefaultLauncherSession$DelegatingLauncher.execute(DefaultLauncherSession.java:86)
	at org.junit.platform.launcher.core.SessionPerRequestLauncher.execute(SessionPerRequestLauncher.java:53)
	at org.gradle.api.internal.tasks.testing.junitplatform.JUnitPlatformTestClassProcessor$CollectAllTestClassesExecutor.processAllTestClasses(JUnitPlatformTestClassProcessor.java:99)
	at org.gradle.api.internal.tasks.testing.junitplatform.JUnitPlatformTestClassProcessor$CollectAllTestClassesExecutor.access$000(JUnitPlatformTestClassProcessor.java:79)
	at org.gradle.api.internal.tasks.testing.junitplatform.JUnitPlatformTestClassProcessor.stop(JUnitPlatformTestClassProcessor.java:75)
	at org.gradle.api.internal.tasks.testing.SuiteTestClassProcessor.stop(SuiteTestClassProcessor.java:61)
	at sun.reflect.NativeMethodAccessorImpl.invoke0(Native Method)
	at sun.reflect.NativeMethodAccessorImpl.invoke(NativeMethodAccessorImpl.java:62)
	at sun.reflect.DelegatingMethodAccessorImpl.invoke(DelegatingMethodAccessorImpl.java:43)
	at java.lang.reflect.Method.invoke(Method.java:498)
	at org.gradle.internal.dispatch.ReflectionDispatch.dispatch(ReflectionDispatch.java:36)
	at org.gradle.internal.dispatch.ReflectionDispatch.dispatch(ReflectionDispatch.java:24)
	at org.gradle.internal.dispatch.ContextClassLoaderDispatch.dispatch(ContextClassLoaderDispatch.java:33)
	at org.gradle.internal.dispatch.ProxyDispatchAdapter$DispatchingInvocationHandler.invoke(ProxyDispatchAdapter.java:94)
	at com.sun.proxy.$Proxy2.stop(Unknown Source)
	at org.gradle.api.internal.tasks.testing.worker.TestWorker$3.run(TestWorker.java:193)
	at org.gradle.api.internal.tasks.testing.worker.TestWorker.executeAndMaintainThreadName(TestWorker.java:129)
	at org.gradle.api.internal.tasks.testing.worker.TestWorker.execute(TestWorker.java:100)
	at org.gradle.api.internal.tasks.testing.worker.TestWorker.execute(TestWorker.java:60)
	at org.gradle.process.internal.worker.child.ActionExecutionWorker.execute(ActionExecutionWorker.java:56)
	at org.gradle.process.internal.worker.child.SystemApplicationClassLoaderWorker.call(SystemApplicationClassLoaderWorker.java:133)
	at org.gradle.process.internal.worker.child.SystemApplicationClassLoaderWorker.call(SystemApplicationClassLoaderWorker.java:71)
	at worker.org.gradle.process.internal.worker.GradleWorkerMain.run(GradleWorkerMain.java:69)
	at worker.org.gradle.process.internal.worker.GradleWorkerMain.main(GradleWorkerMain.java:74)
</failure>
  </testcase>
  <testcase name="testInterleave6x3and10x7" classname="snake.basic.FullGameTests" time="0.01">
    <failure message="org.scalatest.exceptions.TestFailedException: didPass was false&#10;&#13; Hint: It should be possible to “run” multiple games simultaneously, i.e., it should not&#13; be a problem to have multiple instances of SnakeLogic which act independently. To test&#13; this, we perform “interleave tests”: we instantiate two SnakeLogic objects with different&#13; board sizes and alternate between performing a step on one and a step on the other. If&#13; all is correct, the two games should progress exactly as they would if they were the only&#13; snake games being run. If this is not true, then there is likely some global state through&#13; which one game influences the other.&#13; &#13; &#13; Hence if you fail this test but you passed the other full game test, then you have some global state.&#13; Running two instances of SnakeLogic/and alternately doing steps between them results in some interference.&#13;   " type="org.scalatest.exceptions.TestFailedException">org.scalatest.exceptions.TestFailedException: didPass was false
 Hint: It should be possible to “run” multiple games simultaneously, i.e., it should not be a problem to have multiple instances of SnakeLogic which act independently. To test this, we perform “interleave tests”: we instantiate two SnakeLogic objects with different board sizes and alternate between performing a step on one and a step on the other. If all is correct, the two games should progress exactly as they would if they were the only snake games being run. If this is not true, then there is likely some global state through which one game influences the other.   Hence if you fail this test but you passed the other full game test, then you have some global state. Running two instances of SnakeLogic/and alternately doing steps between them results in some interference.   
	at org.scalatest.Assertions.newAssertionFailedException(Assertions.scala:530)
	at org.scalatest.Assertions.newAssertionFailedException$(Assertions.scala:529)
	at org.scalatest.FunSuite.newAssertionFailedException(FunSuite.scala:1560)
	at org.scalatest.Assertions$AssertionsHelper.macroAssert(Assertions.scala:503)
	at generic.GameTestSuite.checkInterleave(GameTestSuite.scala:303)
	at snake.SnakeTestSuiteBase.checkInterleave(SnakeTestSuiteBase.scala:107)
	at snake.basic.FullGameTests.$anonfun$new$5(FullGameTests.scala:753)
	at scala.runtime.java8.JFunction0$mcV$sp.apply(JFunction0$mcV$sp.scala:18)
	at infrastructure.TestBase.$anonfun$test$1(TestBase.scala:36)
	at org.scalatest.OutcomeOf.outcomeOf(OutcomeOf.scala:85)
	at org.scalatest.OutcomeOf.outcomeOf$(OutcomeOf.scala:83)
	at org.scalatest.OutcomeOf$.outcomeOf(OutcomeOf.scala:104)
	at org.scalatest.Transformer.apply(Transformer.scala:22)
	at org.scalatest.Transformer.apply(Transformer.scala:20)
	at org.scalatest.FunSuiteLike$$anon$1.apply(FunSuiteLike.scala:186)
	at org.scalatest.TestSuite.withFixture(TestSuite.scala:196)
	at org.scalatest.TestSuite.withFixture$(TestSuite.scala:195)
	at infrastructure.TestBase.org$scalatest$concurrent$TimeLimitedTests$$super$withFixture(TestBase.scala:9)
	at org.scalatest.concurrent.TimeLimitedTests.$anonfun$withFixture$3(TimeLimitedTests.scala:154)
	at org.scalatest.enablers.Timed$$anon$1.timeoutAfter(Timed.scala:127)
	at org.scalatest.concurrent.TimeLimits.failAfterImpl(TimeLimits.scala:239)
	at org.scalatest.concurrent.TimeLimits.failAfterImpl$(TimeLimits.scala:233)
	at org.scalatest.concurrent.TimeLimits$.failAfterImpl(TimeLimits.scala:305)
	at org.scalatest.concurrent.TimeLimitedTests.withFixture(TimeLimitedTests.scala:153)
	at org.scalatest.concurrent.TimeLimitedTests.withFixture$(TimeLimitedTests.scala:150)
	at infrastructure.TestBase.withFixture(TestBase.scala:9)
	at org.scalatest.FunSuiteLike.invokeWithFixture$1(FunSuiteLike.scala:184)
	at org.scalatest.FunSuiteLike.$anonfun$runTest$1(FunSuiteLike.scala:196)
	at org.scalatest.SuperEngine.runTestImpl(Engine.scala:286)
	at org.scalatest.FunSuiteLike.runTest(FunSuiteLike.scala:196)
	at org.scalatest.FunSuiteLike.runTest$(FunSuiteLike.scala:178)
	at org.scalatest.FunSuite.runTest(FunSuite.scala:1560)
	at org.scalatest.FunSuiteLike.$anonfun$runTests$1(FunSuiteLike.scala:229)
	at org.scalatest.SuperEngine.$anonfun$runTestsInBranch$1(Engine.scala:393)
	at scala.collection.immutable.List.foreach(List.scala:333)
	at org.scalatest.SuperEngine.traverseSubNodes$1(Engine.scala:381)
	at org.scalatest.SuperEngine.runTestsInBranch(Engine.scala:376)
	at org.scalatest.SuperEngine.runTestsImpl(Engine.scala:458)
	at org.scalatest.FunSuiteLike.runTests(FunSuiteLike.scala:229)
	at org.scalatest.FunSuiteLike.runTests$(FunSuiteLike.scala:228)
	at org.scalatest.FunSuite.runTests(FunSuite.scala:1560)
	at org.scalatest.Suite.run(Suite.scala:1124)
	at org.scalatest.Suite.run$(Suite.scala:1106)
	at org.scalatest.FunSuite.org$scalatest$FunSuiteLike$$super$run(FunSuite.scala:1560)
	at org.scalatest.FunSuiteLike.$anonfun$run$1(FunSuiteLike.scala:233)
	at org.scalatest.SuperEngine.runImpl(Engine.scala:518)
	at org.scalatest.FunSuiteLike.run(FunSuiteLike.scala:233)
	at org.scalatest.FunSuiteLike.run$(FunSuiteLike.scala:232)
	at infrastructure.TestBase.run(TestBase.scala:26)
	at org.scalatest.Suite.callExecuteOnSuite$1(Suite.scala:1187)
	at org.scalatest.Suite.$anonfun$runNestedSuites$1(Suite.scala:1234)
	at scala.collection.ArrayOps$.foreach$extension(ArrayOps.scala:1323)
	at org.scalatest.Suite.runNestedSuites(Suite.scala:1232)
	at org.scalatest.Suite.runNestedSuites$(Suite.scala:1166)
	at org.scalatest.Suites.runNestedSuites(Suites.scala:56)
	at org.scalatest.Suite.run(Suite.scala:1121)
	at org.scalatest.Suite.run$(Suite.scala:1106)
	at snake.SnakeTestSuite.runDirect(SnakeTestSuite.scala:24)
	at snake.SnakeTestSuite.run(SnakeTestSuite.scala:16)
	at org.scalatestplus.junit.JUnitRunner.run(JUnitRunner.scala:99)
	at org.junit.runner.JUnitCore.run(JUnitCore.java:137)
	at org.junit.runner.JUnitCore.run(JUnitCore.java:115)
	at org.junit.vintage.engine.execution.RunnerExecutor.execute(RunnerExecutor.java:42)
	at org.junit.vintage.engine.VintageTestEngine.executeAllChildren(VintageTestEngine.java:80)
	at org.junit.vintage.engine.VintageTestEngine.execute(VintageTestEngine.java:72)
	at org.junit.platform.launcher.core.EngineExecutionOrchestrator.execute(EngineExecutionOrchestrator.java:107)
	at org.junit.platform.launcher.core.EngineExecutionOrchestrator.execute(EngineExecutionOrchestrator.java:88)
	at org.junit.platform.launcher.core.EngineExecutionOrchestrator.lambda$execute$0(EngineExecutionOrchestrator.java:54)
	at org.junit.platform.launcher.core.EngineExecutionOrchestrator.withInterceptedStreams(EngineExecutionOrchestrator.java:67)
	at org.junit.platform.launcher.core.EngineExecutionOrchestrator.execute(EngineExecutionOrchestrator.java:52)
	at org.junit.platform.launcher.core.DefaultLauncher.execute(DefaultLauncher.java:114)
	at org.junit.platform.launcher.core.DefaultLauncher.execute(DefaultLauncher.java:86)
	at org.junit.platform.launcher.core.DefaultLauncherSession$DelegatingLauncher.execute(DefaultLauncherSession.java:86)
	at org.junit.platform.launcher.core.SessionPerRequestLauncher.execute(SessionPerRequestLauncher.java:53)
	at org.gradle.api.internal.tasks.testing.junitplatform.JUnitPlatformTestClassProcessor$CollectAllTestClassesExecutor.processAllTestClasses(JUnitPlatformTestClassProcessor.java:99)
	at org.gradle.api.internal.tasks.testing.junitplatform.JUnitPlatformTestClassProcessor$CollectAllTestClassesExecutor.access$000(JUnitPlatformTestClassProcessor.java:79)
	at org.gradle.api.internal.tasks.testing.junitplatform.JUnitPlatformTestClassProcessor.stop(JUnitPlatformTestClassProcessor.java:75)
	at org.gradle.api.internal.tasks.testing.SuiteTestClassProcessor.stop(SuiteTestClassProcessor.java:61)
	at sun.reflect.NativeMethodAccessorImpl.invoke0(Native Method)
	at sun.reflect.NativeMethodAccessorImpl.invoke(NativeMethodAccessorImpl.java:62)
	at sun.reflect.DelegatingMethodAccessorImpl.invoke(DelegatingMethodAccessorImpl.java:43)
	at java.lang.reflect.Method.invoke(Method.java:498)
	at org.gradle.internal.dispatch.ReflectionDispatch.dispatch(ReflectionDispatch.java:36)
	at org.gradle.internal.dispatch.ReflectionDispatch.dispatch(ReflectionDispatch.java:24)
	at org.gradle.internal.dispatch.ContextClassLoaderDispatch.dispatch(ContextClassLoaderDispatch.java:33)
	at org.gradle.internal.dispatch.ProxyDispatchAdapter$DispatchingInvocationHandler.invoke(ProxyDispatchAdapter.java:94)
	at com.sun.proxy.$Proxy2.stop(Unknown Source)
	at org.gradle.api.internal.tasks.testing.worker.TestWorker$3.run(TestWorker.java:193)
	at org.gradle.api.internal.tasks.testing.worker.TestWorker.executeAndMaintainThreadName(TestWorker.java:129)
	at org.gradle.api.internal.tasks.testing.worker.TestWorker.execute(TestWorker.java:100)
	at org.gradle.api.internal.tasks.testing.worker.TestWorker.execute(TestWorker.java:60)
	at org.gradle.process.internal.worker.child.ActionExecutionWorker.execute(ActionExecutionWorker.java:56)
	at org.gradle.process.internal.worker.child.SystemApplicationClassLoaderWorker.call(SystemApplicationClassLoaderWorker.java:133)
	at org.gradle.process.internal.worker.child.SystemApplicationClassLoaderWorker.call(SystemApplicationClassLoaderWorker.java:71)
	at worker.org.gradle.process.internal.worker.GradleWorkerMain.run(GradleWorkerMain.java:69)
	at worker.org.gradle.process.internal.worker.GradleWorkerMain.main(GradleWorkerMain.java:74)
</failure>
  </testcase>
  <testcase name="testInterleave6x6and10x7" classname="snake.basic.FullGameTests" time="0.011">
    <failure message="org.scalatest.exceptions.TestFailedException: didPass was false&#10;&#13; Hint: It should be possible to “run” multiple games simultaneously, i.e., it should not&#13; be a problem to have multiple instances of SnakeLogic which act independently. To test&#13; this, we perform “interleave tests”: we instantiate two SnakeLogic objects with different&#13; board sizes and alternate between performing a step on one and a step on the other. If&#13; all is correct, the two games should progress exactly as they would if they were the only&#13; snake games being run. If this is not true, then there is likely some global state through&#13; which one game influences the other.&#13; &#13; &#13; Hence if you fail this test but you passed the other full game test, then you have some global state.&#13; Running two instances of SnakeLogic/and alternately doing steps between them results in some interference.&#13;   " type="org.scalatest.exceptions.TestFailedException">org.scalatest.exceptions.TestFailedException: didPass was false
 Hint: It should be possible to “run” multiple games simultaneously, i.e., it should not be a problem to have multiple instances of SnakeLogic which act independently. To test this, we perform “interleave tests”: we instantiate two SnakeLogic objects with different board sizes and alternate between performing a step on one and a step on the other. If all is correct, the two games should progress exactly as they would if they were the only snake games being run. If this is not true, then there is likely some global state through which one game influences the other.   Hence if you fail this test but you passed the other full game test, then you have some global state. Running two instances of SnakeLogic/and alternately doing steps between them results in some interference.   
	at org.scalatest.Assertions.newAssertionFailedException(Assertions.scala:530)
	at org.scalatest.Assertions.newAssertionFailedException$(Assertions.scala:529)
	at org.scalatest.FunSuite.newAssertionFailedException(FunSuite.scala:1560)
	at org.scalatest.Assertions$AssertionsHelper.macroAssert(Assertions.scala:503)
	at generic.GameTestSuite.checkInterleave(GameTestSuite.scala:303)
	at snake.SnakeTestSuiteBase.checkInterleave(SnakeTestSuiteBase.scala:107)
	at snake.basic.FullGameTests.$anonfun$new$6(FullGameTests.scala:757)
	at scala.runtime.java8.JFunction0$mcV$sp.apply(JFunction0$mcV$sp.scala:18)
	at infrastructure.TestBase.$anonfun$test$1(TestBase.scala:36)
	at org.scalatest.OutcomeOf.outcomeOf(OutcomeOf.scala:85)
	at org.scalatest.OutcomeOf.outcomeOf$(OutcomeOf.scala:83)
	at org.scalatest.OutcomeOf$.outcomeOf(OutcomeOf.scala:104)
	at org.scalatest.Transformer.apply(Transformer.scala:22)
	at org.scalatest.Transformer.apply(Transformer.scala:20)
	at org.scalatest.FunSuiteLike$$anon$1.apply(FunSuiteLike.scala:186)
	at org.scalatest.TestSuite.withFixture(TestSuite.scala:196)
	at org.scalatest.TestSuite.withFixture$(TestSuite.scala:195)
	at infrastructure.TestBase.org$scalatest$concurrent$TimeLimitedTests$$super$withFixture(TestBase.scala:9)
	at org.scalatest.concurrent.TimeLimitedTests.$anonfun$withFixture$3(TimeLimitedTests.scala:154)
	at org.scalatest.enablers.Timed$$anon$1.timeoutAfter(Timed.scala:127)
	at org.scalatest.concurrent.TimeLimits.failAfterImpl(TimeLimits.scala:239)
	at org.scalatest.concurrent.TimeLimits.failAfterImpl$(TimeLimits.scala:233)
	at org.scalatest.concurrent.TimeLimits$.failAfterImpl(TimeLimits.scala:305)
	at org.scalatest.concurrent.TimeLimitedTests.withFixture(TimeLimitedTests.scala:153)
	at org.scalatest.concurrent.TimeLimitedTests.withFixture$(TimeLimitedTests.scala:150)
	at infrastructure.TestBase.withFixture(TestBase.scala:9)
	at org.scalatest.FunSuiteLike.invokeWithFixture$1(FunSuiteLike.scala:184)
	at org.scalatest.FunSuiteLike.$anonfun$runTest$1(FunSuiteLike.scala:196)
	at org.scalatest.SuperEngine.runTestImpl(Engine.scala:286)
	at org.scalatest.FunSuiteLike.runTest(FunSuiteLike.scala:196)
	at org.scalatest.FunSuiteLike.runTest$(FunSuiteLike.scala:178)
	at org.scalatest.FunSuite.runTest(FunSuite.scala:1560)
	at org.scalatest.FunSuiteLike.$anonfun$runTests$1(FunSuiteLike.scala:229)
	at org.scalatest.SuperEngine.$anonfun$runTestsInBranch$1(Engine.scala:393)
	at scala.collection.immutable.List.foreach(List.scala:333)
	at org.scalatest.SuperEngine.traverseSubNodes$1(Engine.scala:381)
	at org.scalatest.SuperEngine.runTestsInBranch(Engine.scala:376)
	at org.scalatest.SuperEngine.runTestsImpl(Engine.scala:458)
	at org.scalatest.FunSuiteLike.runTests(FunSuiteLike.scala:229)
	at org.scalatest.FunSuiteLike.runTests$(FunSuiteLike.scala:228)
	at org.scalatest.FunSuite.runTests(FunSuite.scala:1560)
	at org.scalatest.Suite.run(Suite.scala:1124)
	at org.scalatest.Suite.run$(Suite.scala:1106)
	at org.scalatest.FunSuite.org$scalatest$FunSuiteLike$$super$run(FunSuite.scala:1560)
	at org.scalatest.FunSuiteLike.$anonfun$run$1(FunSuiteLike.scala:233)
	at org.scalatest.SuperEngine.runImpl(Engine.scala:518)
	at org.scalatest.FunSuiteLike.run(FunSuiteLike.scala:233)
	at org.scalatest.FunSuiteLike.run$(FunSuiteLike.scala:232)
	at infrastructure.TestBase.run(TestBase.scala:26)
	at org.scalatest.Suite.callExecuteOnSuite$1(Suite.scala:1187)
	at org.scalatest.Suite.$anonfun$runNestedSuites$1(Suite.scala:1234)
	at scala.collection.ArrayOps$.foreach$extension(ArrayOps.scala:1323)
	at org.scalatest.Suite.runNestedSuites(Suite.scala:1232)
	at org.scalatest.Suite.runNestedSuites$(Suite.scala:1166)
	at org.scalatest.Suites.runNestedSuites(Suites.scala:56)
	at org.scalatest.Suite.run(Suite.scala:1121)
	at org.scalatest.Suite.run$(Suite.scala:1106)
	at snake.SnakeTestSuite.runDirect(SnakeTestSuite.scala:24)
	at snake.SnakeTestSuite.run(SnakeTestSuite.scala:16)
	at org.scalatestplus.junit.JUnitRunner.run(JUnitRunner.scala:99)
	at org.junit.runner.JUnitCore.run(JUnitCore.java:137)
	at org.junit.runner.JUnitCore.run(JUnitCore.java:115)
	at org.junit.vintage.engine.execution.RunnerExecutor.execute(RunnerExecutor.java:42)
	at org.junit.vintage.engine.VintageTestEngine.executeAllChildren(VintageTestEngine.java:80)
	at org.junit.vintage.engine.VintageTestEngine.execute(VintageTestEngine.java:72)
	at org.junit.platform.launcher.core.EngineExecutionOrchestrator.execute(EngineExecutionOrchestrator.java:107)
	at org.junit.platform.launcher.core.EngineExecutionOrchestrator.execute(EngineExecutionOrchestrator.java:88)
	at org.junit.platform.launcher.core.EngineExecutionOrchestrator.lambda$execute$0(EngineExecutionOrchestrator.java:54)
	at org.junit.platform.launcher.core.EngineExecutionOrchestrator.withInterceptedStreams(EngineExecutionOrchestrator.java:67)
	at org.junit.platform.launcher.core.EngineExecutionOrchestrator.execute(EngineExecutionOrchestrator.java:52)
	at org.junit.platform.launcher.core.DefaultLauncher.execute(DefaultLauncher.java:114)
	at org.junit.platform.launcher.core.DefaultLauncher.execute(DefaultLauncher.java:86)
	at org.junit.platform.launcher.core.DefaultLauncherSession$DelegatingLauncher.execute(DefaultLauncherSession.java:86)
	at org.junit.platform.launcher.core.SessionPerRequestLauncher.execute(SessionPerRequestLauncher.java:53)
	at org.gradle.api.internal.tasks.testing.junitplatform.JUnitPlatformTestClassProcessor$CollectAllTestClassesExecutor.processAllTestClasses(JUnitPlatformTestClassProcessor.java:99)
	at org.gradle.api.internal.tasks.testing.junitplatform.JUnitPlatformTestClassProcessor$CollectAllTestClassesExecutor.access$000(JUnitPlatformTestClassProcessor.java:79)
	at org.gradle.api.internal.tasks.testing.junitplatform.JUnitPlatformTestClassProcessor.stop(JUnitPlatformTestClassProcessor.java:75)
	at org.gradle.api.internal.tasks.testing.SuiteTestClassProcessor.stop(SuiteTestClassProcessor.java:61)
	at sun.reflect.NativeMethodAccessorImpl.invoke0(Native Method)
	at sun.reflect.NativeMethodAccessorImpl.invoke(NativeMethodAccessorImpl.java:62)
	at sun.reflect.DelegatingMethodAccessorImpl.invoke(DelegatingMethodAccessorImpl.java:43)
	at java.lang.reflect.Method.invoke(Method.java:498)
	at org.gradle.internal.dispatch.ReflectionDispatch.dispatch(ReflectionDispatch.java:36)
	at org.gradle.internal.dispatch.ReflectionDispatch.dispatch(ReflectionDispatch.java:24)
	at org.gradle.internal.dispatch.ContextClassLoaderDispatch.dispatch(ContextClassLoaderDispatch.java:33)
	at org.gradle.internal.dispatch.ProxyDispatchAdapter$DispatchingInvocationHandler.invoke(ProxyDispatchAdapter.java:94)
	at com.sun.proxy.$Proxy2.stop(Unknown Source)
	at org.gradle.api.internal.tasks.testing.worker.TestWorker$3.run(TestWorker.java:193)
	at org.gradle.api.internal.tasks.testing.worker.TestWorker.executeAndMaintainThreadName(TestWorker.java:129)
	at org.gradle.api.internal.tasks.testing.worker.TestWorker.execute(TestWorker.java:100)
	at org.gradle.api.internal.tasks.testing.worker.TestWorker.execute(TestWorker.java:60)
	at org.gradle.process.internal.worker.child.ActionExecutionWorker.execute(ActionExecutionWorker.java:56)
	at org.gradle.process.internal.worker.child.SystemApplicationClassLoaderWorker.call(SystemApplicationClassLoaderWorker.java:133)
	at org.gradle.process.internal.worker.child.SystemApplicationClassLoaderWorker.call(SystemApplicationClassLoaderWorker.java:71)
	at worker.org.gradle.process.internal.worker.GradleWorkerMain.run(GradleWorkerMain.java:69)
	at worker.org.gradle.process.internal.worker.GradleWorkerMain.main(GradleWorkerMain.java:74)
</failure>
  </testcase>
  <testcase name="testInterleave6x3and6x6" classname="snake.basic.FullGameTests" time="0.006">
    <failure message="org.scalatest.exceptions.TestFailedException: didPass was false&#10;&#13; Hint: It should be possible to “run” multiple games simultaneously, i.e., it should not&#13; be a problem to have multiple instances of SnakeLogic which act independently. To test&#13; this, we perform “interleave tests”: we instantiate two SnakeLogic objects with different&#13; board sizes and alternate between performing a step on one and a step on the other. If&#13; all is correct, the two games should progress exactly as they would if they were the only&#13; snake games being run. If this is not true, then there is likely some global state through&#13; which one game influences the other.&#13; &#13; &#13; Hence if you fail this test but you passed the other full game test, then you have some global state.&#13; Running two instances of SnakeLogic/and alternately doing steps between them results in some interference.&#13;   " type="org.scalatest.exceptions.TestFailedException">org.scalatest.exceptions.TestFailedException: didPass was false
 Hint: It should be possible to “run” multiple games simultaneously, i.e., it should not be a problem to have multiple instances of SnakeLogic which act independently. To test this, we perform “interleave tests”: we instantiate two SnakeLogic objects with different board sizes and alternate between performing a step on one and a step on the other. If all is correct, the two games should progress exactly as they would if they were the only snake games being run. If this is not true, then there is likely some global state through which one game influences the other.   Hence if you fail this test but you passed the other full game test, then you have some global state. Running two instances of SnakeLogic/and alternately doing steps between them results in some interference.   
	at org.scalatest.Assertions.newAssertionFailedException(Assertions.scala:530)
	at org.scalatest.Assertions.newAssertionFailedException$(Assertions.scala:529)
	at org.scalatest.FunSuite.newAssertionFailedException(FunSuite.scala:1560)
	at org.scalatest.Assertions$AssertionsHelper.macroAssert(Assertions.scala:503)
	at generic.GameTestSuite.checkInterleave(GameTestSuite.scala:303)
	at snake.SnakeTestSuiteBase.checkInterleave(SnakeTestSuiteBase.scala:107)
	at snake.basic.FullGameTests.$anonfun$new$7(FullGameTests.scala:762)
	at scala.runtime.java8.JFunction0$mcV$sp.apply(JFunction0$mcV$sp.scala:18)
	at infrastructure.TestBase.$anonfun$test$1(TestBase.scala:36)
	at org.scalatest.OutcomeOf.outcomeOf(OutcomeOf.scala:85)
	at org.scalatest.OutcomeOf.outcomeOf$(OutcomeOf.scala:83)
	at org.scalatest.OutcomeOf$.outcomeOf(OutcomeOf.scala:104)
	at org.scalatest.Transformer.apply(Transformer.scala:22)
	at org.scalatest.Transformer.apply(Transformer.scala:20)
	at org.scalatest.FunSuiteLike$$anon$1.apply(FunSuiteLike.scala:186)
	at org.scalatest.TestSuite.withFixture(TestSuite.scala:196)
	at org.scalatest.TestSuite.withFixture$(TestSuite.scala:195)
	at infrastructure.TestBase.org$scalatest$concurrent$TimeLimitedTests$$super$withFixture(TestBase.scala:9)
	at org.scalatest.concurrent.TimeLimitedTests.$anonfun$withFixture$3(TimeLimitedTests.scala:154)
	at org.scalatest.enablers.Timed$$anon$1.timeoutAfter(Timed.scala:127)
	at org.scalatest.concurrent.TimeLimits.failAfterImpl(TimeLimits.scala:239)
	at org.scalatest.concurrent.TimeLimits.failAfterImpl$(TimeLimits.scala:233)
	at org.scalatest.concurrent.TimeLimits$.failAfterImpl(TimeLimits.scala:305)
	at org.scalatest.concurrent.TimeLimitedTests.withFixture(TimeLimitedTests.scala:153)
	at org.scalatest.concurrent.TimeLimitedTests.withFixture$(TimeLimitedTests.scala:150)
	at infrastructure.TestBase.withFixture(TestBase.scala:9)
	at org.scalatest.FunSuiteLike.invokeWithFixture$1(FunSuiteLike.scala:184)
	at org.scalatest.FunSuiteLike.$anonfun$runTest$1(FunSuiteLike.scala:196)
	at org.scalatest.SuperEngine.runTestImpl(Engine.scala:286)
	at org.scalatest.FunSuiteLike.runTest(FunSuiteLike.scala:196)
	at org.scalatest.FunSuiteLike.runTest$(FunSuiteLike.scala:178)
	at org.scalatest.FunSuite.runTest(FunSuite.scala:1560)
	at org.scalatest.FunSuiteLike.$anonfun$runTests$1(FunSuiteLike.scala:229)
	at org.scalatest.SuperEngine.$anonfun$runTestsInBranch$1(Engine.scala:393)
	at scala.collection.immutable.List.foreach(List.scala:333)
	at org.scalatest.SuperEngine.traverseSubNodes$1(Engine.scala:381)
	at org.scalatest.SuperEngine.runTestsInBranch(Engine.scala:376)
	at org.scalatest.SuperEngine.runTestsImpl(Engine.scala:458)
	at org.scalatest.FunSuiteLike.runTests(FunSuiteLike.scala:229)
	at org.scalatest.FunSuiteLike.runTests$(FunSuiteLike.scala:228)
	at org.scalatest.FunSuite.runTests(FunSuite.scala:1560)
	at org.scalatest.Suite.run(Suite.scala:1124)
	at org.scalatest.Suite.run$(Suite.scala:1106)
	at org.scalatest.FunSuite.org$scalatest$FunSuiteLike$$super$run(FunSuite.scala:1560)
	at org.scalatest.FunSuiteLike.$anonfun$run$1(FunSuiteLike.scala:233)
	at org.scalatest.SuperEngine.runImpl(Engine.scala:518)
	at org.scalatest.FunSuiteLike.run(FunSuiteLike.scala:233)
	at org.scalatest.FunSuiteLike.run$(FunSuiteLike.scala:232)
	at infrastructure.TestBase.run(TestBase.scala:26)
	at org.scalatest.Suite.callExecuteOnSuite$1(Suite.scala:1187)
	at org.scalatest.Suite.$anonfun$runNestedSuites$1(Suite.scala:1234)
	at scala.collection.ArrayOps$.foreach$extension(ArrayOps.scala:1323)
	at org.scalatest.Suite.runNestedSuites(Suite.scala:1232)
	at org.scalatest.Suite.runNestedSuites$(Suite.scala:1166)
	at org.scalatest.Suites.runNestedSuites(Suites.scala:56)
	at org.scalatest.Suite.run(Suite.scala:1121)
	at org.scalatest.Suite.run$(Suite.scala:1106)
	at snake.SnakeTestSuite.runDirect(SnakeTestSuite.scala:24)
	at snake.SnakeTestSuite.run(SnakeTestSuite.scala:16)
	at org.scalatestplus.junit.JUnitRunner.run(JUnitRunner.scala:99)
	at org.junit.runner.JUnitCore.run(JUnitCore.java:137)
	at org.junit.runner.JUnitCore.run(JUnitCore.java:115)
	at org.junit.vintage.engine.execution.RunnerExecutor.execute(RunnerExecutor.java:42)
	at org.junit.vintage.engine.VintageTestEngine.executeAllChildren(VintageTestEngine.java:80)
	at org.junit.vintage.engine.VintageTestEngine.execute(VintageTestEngine.java:72)
	at org.junit.platform.launcher.core.EngineExecutionOrchestrator.execute(EngineExecutionOrchestrator.java:107)
	at org.junit.platform.launcher.core.EngineExecutionOrchestrator.execute(EngineExecutionOrchestrator.java:88)
	at org.junit.platform.launcher.core.EngineExecutionOrchestrator.lambda$execute$0(EngineExecutionOrchestrator.java:54)
	at org.junit.platform.launcher.core.EngineExecutionOrchestrator.withInterceptedStreams(EngineExecutionOrchestrator.java:67)
	at org.junit.platform.launcher.core.EngineExecutionOrchestrator.execute(EngineExecutionOrchestrator.java:52)
	at org.junit.platform.launcher.core.DefaultLauncher.execute(DefaultLauncher.java:114)
	at org.junit.platform.launcher.core.DefaultLauncher.execute(DefaultLauncher.java:86)
	at org.junit.platform.launcher.core.DefaultLauncherSession$DelegatingLauncher.execute(DefaultLauncherSession.java:86)
	at org.junit.platform.launcher.core.SessionPerRequestLauncher.execute(SessionPerRequestLauncher.java:53)
	at org.gradle.api.internal.tasks.testing.junitplatform.JUnitPlatformTestClassProcessor$CollectAllTestClassesExecutor.processAllTestClasses(JUnitPlatformTestClassProcessor.java:99)
	at org.gradle.api.internal.tasks.testing.junitplatform.JUnitPlatformTestClassProcessor$CollectAllTestClassesExecutor.access$000(JUnitPlatformTestClassProcessor.java:79)
	at org.gradle.api.internal.tasks.testing.junitplatform.JUnitPlatformTestClassProcessor.stop(JUnitPlatformTestClassProcessor.java:75)
	at org.gradle.api.internal.tasks.testing.SuiteTestClassProcessor.stop(SuiteTestClassProcessor.java:61)
	at sun.reflect.NativeMethodAccessorImpl.invoke0(Native Method)
	at sun.reflect.NativeMethodAccessorImpl.invoke(NativeMethodAccessorImpl.java:62)
	at sun.reflect.DelegatingMethodAccessorImpl.invoke(DelegatingMethodAccessorImpl.java:43)
	at java.lang.reflect.Method.invoke(Method.java:498)
	at org.gradle.internal.dispatch.ReflectionDispatch.dispatch(ReflectionDispatch.java:36)
	at org.gradle.internal.dispatch.ReflectionDispatch.dispatch(ReflectionDispatch.java:24)
	at org.gradle.internal.dispatch.ContextClassLoaderDispatch.dispatch(ContextClassLoaderDispatch.java:33)
	at org.gradle.internal.dispatch.ProxyDispatchAdapter$DispatchingInvocationHandler.invoke(ProxyDispatchAdapter.java:94)
	at com.sun.proxy.$Proxy2.stop(Unknown Source)
	at org.gradle.api.internal.tasks.testing.worker.TestWorker$3.run(TestWorker.java:193)
	at org.gradle.api.internal.tasks.testing.worker.TestWorker.executeAndMaintainThreadName(TestWorker.java:129)
	at org.gradle.api.internal.tasks.testing.worker.TestWorker.execute(TestWorker.java:100)
	at org.gradle.api.internal.tasks.testing.worker.TestWorker.execute(TestWorker.java:60)
	at org.gradle.process.internal.worker.child.ActionExecutionWorker.execute(ActionExecutionWorker.java:56)
	at org.gradle.process.internal.worker.child.SystemApplicationClassLoaderWorker.call(SystemApplicationClassLoaderWorker.java:133)
	at org.gradle.process.internal.worker.child.SystemApplicationClassLoaderWorker.call(SystemApplicationClassLoaderWorker.java:71)
	at worker.org.gradle.process.internal.worker.GradleWorkerMain.run(GradleWorkerMain.java:69)
	at worker.org.gradle.process.internal.worker.GradleWorkerMain.main(GradleWorkerMain.java:74)
</failure>
  </testcase>
  <system-out><![CDATA[Empty()
Empty()
Apple()
List(Point(0,0), Point(1,0), Point(2,0), Point(0,1), Point(1,1), Point(2,1), Point(3,1), Point(4,1), Point(5,1), Point(0,2), Point(1,2), Point(2,2), Point(3,2), Point(4,2), Point(5,2), Point(0,3), Point(1,3), Point(2,3), Point(3,3), Point(4,3), Point(5,3), Point(0,4), Point(1,4), Point(2,4), Point(3,4), Point(4,4), Point(5,4), Point(0,5), Point(1,5), Point(2,5), Point(3,5), Point(4,5), Point(5,5))
Empty()
Empty()
Apple()
List(Point(0,1), Point(1,1), Point(2,1), Point(3,1), Point(4,1), Point(5,1), Point(0,2), Point(1,2), Point(2,2), Point(3,2), Point(4,2), Point(5,2), Point(0,3), Point(1,3), Point(2,3), Point(3,3), Point(4,3), Point(5,3), Point(0,4), Point(1,4), Point(2,4), Point(3,4), Point(4,4), Point(5,4), Point(0,5), Point(1,5), Point(2,5), Point(3,5), Point(4,5), Point(5,5))
Empty()
Empty()
Apple()
List(Point(0,0), Point(1,0), Point(2,0), Point(0,1), Point(1,1), Point(2,1), Point(3,1), Point(4,1), Point(5,1), Point(0,2), Point(1,2), Point(2,2), Point(3,2), Point(4,2), Point(5,2))
Empty()
Empty()
Apple()
List(Point(0,1), Point(1,1), Point(2,1), Point(3,1), Point(4,1), Point(5,1), Point(0,2), Point(1,2), Point(2,2), Point(3,2), Point(4,2), Point(5,2))
Empty()
Empty()
Apple()
List(Point(0,0), Point(1,0), Point(2,0), Point(6,0), Point(7,0), Point(8,0), Point(9,0), Point(0,1), Point(1,1), Point(2,1), Point(3,1), Point(4,1), Point(5,1), Point(6,1), Point(7,1), Point(8,1), Point(9,1), Point(0,2), Point(1,2), Point(2,2), Point(3,2), Point(4,2), Point(5,2), Point(6,2), Point(7,2), Point(8,2), Point(9,2), Point(0,3), Point(1,3), Point(2,3), Point(3,3), Point(4,3), Point(5,3), Point(6,3), Point(7,3), Point(8,3), Point(9,3), Point(0,4), Point(1,4), Point(2,4), Point(3,4), Point(4,4), Point(5,4), Point(6,4), Point(7,4), Point(8,4), Point(9,4), Point(0,5), Point(1,5), Point(2,5), Point(3,5), Point(4,5), Point(5,5), Point(6,5), Point(7,5), Point(8,5), Point(9,5), Point(0,6), Point(1,6), Point(2,6), Point(3,6), Point(4,6), Point(5,6), Point(6,6), Point(7,6), Point(8,6), Point(9,6))
Empty()
Empty()
Empty()
Empty()
Empty()
Empty()
Apple()
List(Point(3,0), Point(4,0), Point(5,0), Point(6,0), Point(0,1), Point(1,1), Point(2,1), Point(3,1), Point(4,1), Point(5,1), Point(6,1), Point(7,1), Point(8,1), Point(9,1), Point(0,2), Point(1,2), Point(2,2), Point(3,2), Point(4,2), Point(5,2), Point(6,2), Point(7,2), Point(8,2), Point(9,2), Point(0,3), Point(1,3), Point(2,3), Point(3,3), Point(4,3), Point(5,3), Point(6,3), Point(7,3), Point(8,3), Point(9,3), Point(0,4), Point(1,4), Point(2,4), Point(3,4), Point(4,4), Point(5,4), Point(6,4), Point(7,4), Point(8,4), Point(9,4), Point(0,5), Point(1,5), Point(2,5), Point(3,5), Point(4,5), Point(5,5), Point(6,5), Point(7,5), Point(8,5), Point(9,5), Point(0,6), Point(1,6), Point(2,6), Point(3,6), Point(4,6), Point(5,6), Point(6,6), Point(7,6), Point(8,6), Point(9,6))
Empty()
Empty()
Apple()
List(Point(6,0), Point(0,1), Point(1,1), Point(2,1), Point(3,1), Point(4,1), Point(5,1), Point(6,1), Point(7,1), Point(8,1), Point(9,1), Point(0,2), Point(1,2), Point(2,2), Point(3,2), Point(4,2), Point(5,2), Point(6,2), Point(7,2), Point(8,2), Point(9,2), Point(0,3), Point(1,3), Point(2,3), Point(3,3), Point(4,3), Point(5,3), Point(6,3), Point(7,3), Point(8,3), Point(9,3), Point(0,4), Point(1,4), Point(2,4), Point(3,4), Point(4,4), Point(5,4), Point(6,4), Point(7,4), Point(8,4), Point(9,4), Point(0,5), Point(1,5), Point(2,5), Point(3,5), Point(4,5), Point(5,5), Point(6,5), Point(7,5), Point(8,5), Point(9,5), Point(0,6), Point(1,6), Point(2,6), Point(3,6), Point(4,6), Point(5,6), Point(6,6), Point(7,6), Point(8,6), Point(9,6))
SnakeBody(1.4123018)
Empty()
Empty()
Empty()
Empty()
Apple()
List(Point(0,0), Point(1,0), Point(2,0), Point(0,1), Point(1,1), Point(2,1), Point(3,1), Point(4,1), Point(5,1), Point(0,2), Point(1,2), Point(2,2), Point(3,2), Point(4,2), Point(5,2))
Apple()
List(Point(0,0), Point(1,0), Point(2,0), Point(6,0), Point(7,0), Point(8,0), Point(9,0), Point(0,1), Point(1,1), Point(2,1), Point(3,1), Point(4,1), Point(5,1), Point(6,1), Point(7,1), Point(8,1), Point(9,1), Point(0,2), Point(1,2), Point(2,2), Point(3,2), Point(4,2), Point(5,2), Point(6,2), Point(7,2), Point(8,2), Point(9,2), Point(0,3), Point(1,3), Point(2,3), Point(3,3), Point(4,3), Point(5,3), Point(6,3), Point(7,3), Point(8,3), Point(9,3), Point(0,4), Point(1,4), Point(2,4), Point(3,4), Point(4,4), Point(5,4), Point(6,4), Point(7,4), Point(8,4), Point(9,4), Point(0,5), Point(1,5), Point(2,5), Point(3,5), Point(4,5), Point(5,5), Point(6,5), Point(7,5), Point(8,5), Point(9,5), Point(0,6), Point(1,6), Point(2,6), Point(3,6), Point(4,6), Point(5,6), Point(6,6), Point(7,6), Point(8,6), Point(9,6))
Empty()
Empty()
Empty()
Empty()
Apple()
List(Point(0,1), Point(1,1), Point(2,1), Point(3,1), Point(4,1), Point(5,1), Point(0,2), Point(1,2), Point(2,2), Point(3,2), Point(4,2), Point(5,2))
Empty()
Empty()
Empty()
Empty()
Empty()
Apple()
List(Point(0,0), Point(1,0), Point(2,0), Point(0,1), Point(1,1), Point(2,1), Point(3,1), Point(4,1), Point(5,1), Point(0,2), Point(1,2), Point(2,2), Point(3,2), Point(4,2), Point(5,2), Point(0,3), Point(1,3), Point(2,3), Point(3,3), Point(4,3), Point(5,3), Point(0,4), Point(1,4), Point(2,4), Point(3,4), Point(4,4), Point(5,4), Point(0,5), Point(1,5), Point(2,5), Point(3,5), Point(4,5), Point(5,5))
Apple()
List(Point(0,0), Point(1,0), Point(2,0), Point(6,0), Point(7,0), Point(8,0), Point(9,0), Point(0,1), Point(1,1), Point(2,1), Point(3,1), Point(4,1), Point(5,1), Point(6,1), Point(7,1), Point(8,1), Point(9,1), Point(0,2), Point(1,2), Point(2,2), Point(3,2), Point(4,2), Point(5,2), Point(6,2), Point(7,2), Point(8,2), Point(9,2), Point(0,3), Point(1,3), Point(2,3), Point(3,3), Point(4,3), Point(5,3), Point(6,3), Point(7,3), Point(8,3), Point(9,3), Point(0,4), Point(1,4), Point(2,4), Point(3,4), Point(4,4), Point(5,4), Point(6,4), Point(7,4), Point(8,4), Point(9,4), Point(0,5), Point(1,5), Point(2,5), Point(3,5), Point(4,5), Point(5,5), Point(6,5), Point(7,5), Point(8,5), Point(9,5), Point(0,6), Point(1,6), Point(2,6), Point(3,6), Point(4,6), Point(5,6), Point(6,6), Point(7,6), Point(8,6), Point(9,6))
Empty()
Empty()
Empty()
Empty()
Apple()
List(Point(0,1), Point(1,1), Point(2,1), Point(3,1), Point(4,1), Point(5,1), Point(0,2), Point(1,2), Point(2,2), Point(3,2), Point(4,2), Point(5,2), Point(0,3), Point(1,3), Point(2,3), Point(3,3), Point(4,3), Point(5,3), Point(0,4), Point(1,4), Point(2,4), Point(3,4), Point(4,4), Point(5,4), Point(0,5), Point(1,5), Point(2,5), Point(3,5), Point(4,5), Point(5,5))
Empty()
Empty()
Empty()
Empty()
Empty()
Apple()
List(Point(0,0), Point(1,0), Point(2,0), Point(0,1), Point(1,1), Point(2,1), Point(3,1), Point(4,1), Point(5,1), Point(0,2), Point(1,2), Point(2,2), Point(3,2), Point(4,2), Point(5,2))
Apple()
List(Point(0,0), Point(1,0), Point(2,0), Point(0,1), Point(1,1), Point(2,1), Point(3,1), Point(4,1), Point(5,1), Point(0,2), Point(1,2), Point(2,2), Point(3,2), Point(4,2), Point(5,2), Point(0,3), Point(1,3), Point(2,3), Point(3,3), Point(4,3), Point(5,3), Point(0,4), Point(1,4), Point(2,4), Point(3,4), Point(4,4), Point(5,4), Point(0,5), Point(1,5), Point(2,5), Point(3,5), Point(4,5), Point(5,5))
Empty()
Empty()
Empty()
Empty()
Apple()
List(Point(0,1), Point(1,1), Point(2,1), Point(3,1), Point(4,1), Point(5,1), Point(0,2), Point(1,2), Point(2,2), Point(3,2), Point(4,2), Point(5,2))
Apple()
List(Point(0,1), Point(1,1), Point(2,1), Point(3,1), Point(4,1), Point(5,1), Point(0,2), Point(1,2), Point(2,2), Point(3,2), Point(4,2), Point(5,2), Point(0,3), Point(1,3), Point(2,3), Point(3,3), Point(4,3), Point(5,3), Point(0,4), Point(1,4), Point(2,4), Point(3,4), Point(4,4), Point(5,4), Point(0,5), Point(1,5), Point(2,5), Point(3,5), Point(4,5), Point(5,5))
]]></system-out>
  <system-err><![CDATA[]]></system-err>
</testsuite>
